11:36:05.003 [main                     ] DEBUG Logger               - Configured Logger
11:36:05.006 [main                     ] DEBUG GameApplication      - Logging settings
Title: test
Version: 1.0
Width: 1000
Height: 600
Fullscreen: false
Intro: false
Profiling: false
Single step:false
App Mode: DEVELOPER
Menu Key: ESCAPE
Stage Style: DECORATED
Scene Factory: class Game$1

11:36:05.246 [JavaFX Application Thread] DEBUG FXGLApplication      - Initializing FXGL
11:36:05.248 [JavaFX Application Thread] INFO  Engine               - FXGL-dev-SNAPSHOT (20.03.2021 10.32) on WINDOWS (J:14.0.2 FX:14.0.2.1)
11:36:05.248 [JavaFX Application Thread] DEBUG Engine               - JRE Vendor Name: Oracle Corporation
11:36:05.248 [JavaFX Application Thread] DEBUG Engine               - Running on OS: Windows 10 version 10.0
11:36:05.248 [JavaFX Application Thread] DEBUG Engine               - Architecture: amd64
11:36:05.248 [JavaFX Application Thread] INFO  Engine               - Source code and latest versions at: https://github.com/AlmasB/FXGL
11:36:05.248 [JavaFX Application Thread] INFO  Engine               -              Join the FXGL chat at: https://gitter.im/AlmasB/FXGL
11:36:05.335 [JavaFX Application Thread] DEBUG PrimaryStageWindow   - Creating a JavaFX scene
11:36:05.372 [JavaFX Application Thread] DEBUG PrimaryStageWindow   - Target settings size: 1000.0 x 600.0
11:36:05.372 [JavaFX Application Thread] DEBUG PrimaryStageWindow   - Scaled scene size:    1000.0 x 600.0
11:36:05.372 [JavaFX Application Thread] DEBUG PrimaryStageWindow   - Scaled ratio: (1.0, 1.0)
11:36:05.373 [JavaFX Application Thread] DEBUG PrimaryStageWindow   - Set initial scene to FXGLStartupScene
11:36:05.378 [JavaFX Application Thread] DEBUG PrimaryStageWindow   - Opening main window
11:36:05.442 [JavaFX Application Thread] DEBUG PrimaryStageWindow   - Window border size: (16.0, 39.0)
11:36:05.442 [JavaFX Application Thread] DEBUG PrimaryStageWindow   - Scaled size: 1000.0 x 600.0
11:36:05.442 [JavaFX Application Thread] DEBUG PrimaryStageWindow   - Scaled ratio: (1.0, 1.0)
11:36:05.442 [JavaFX Application Thread] DEBUG PrimaryStageWindow   - Scene size: 1000.0 x 600.0
11:36:05.442 [JavaFX Application Thread] DEBUG PrimaryStageWindow   - Stage size: 1016.0 x 639.0
11:36:05.448 [FXGL Background Thread 1 ] DEBUG Engine               - Initializing environment variables
11:36:05.472 [FXGL Background Thread 1 ] DEBUG FXGLAssetLoaderServi - User app class for loading assets: class Game
11:36:05.472 [FXGL Background Thread 1 ] DEBUG GameApplicationServi - Applying CSS: fxgl_dark.css
11:36:05.473 [FXGL Background Thread 1 ] DEBUG FXGLAssetLoaderServi - Loading from file system: jar:file:/C:/Users/anmay/.m2/repository/com/github/almasb/fxgl/dev-SNAPSHOT/fxgl-dev-20210320.103303-1712.jar!/fxglassets/ui/css/fxgl_dark.css
11:36:05.502 [FXGL Background Thread 1 ] DEBUG GameApplicationServi - Initializing application scenes
11:36:05.529 [FXGL Background Thread 1 ] DEBUG GameWorld            - Game world initialized
11:36:05.575 [FXGL Background Thread 1 ] DEBUG PhysicsWorld         - Physics world initialized: appHeight=600, physics.ppm=50.0
11:36:05.575 [FXGL Background Thread 1 ] DEBUG PhysicsWorld         - Using strategy: BRUTE_FORCE
11:36:05.577 [FXGL Background Thread 1 ] DEBUG GameScene            - Game scene initialized: 1000x600
11:36:05.758 [FXGL Background Thread 1 ] DEBUG FXGLAssetLoaderServi - Loading from file system: jar:file:/C:/Users/anmay/.m2/repository/com/github/almasb/fxgl/dev-SNAPSHOT/fxgl-dev-20210320.103303-1712.jar!/fxglassets/textures/particles/trace_horizontal.png
11:36:05.789 [FXGL Background Thread 1 ] DEBUG FXGL.DefaultMenu     - createMenuBodyGameMenu()
11:36:05.796 [FXGL Background Thread 1 ] DEBUG FXGL.DefaultMenu     - createOptionsMenu()
11:36:05.800 [FXGL Background Thread 1 ] DEBUG FXGLAssetLoaderServi - Loading from file system: jar:file:/C:/Users/anmay/.m2/repository/com/github/almasb/fxgl/dev-SNAPSHOT/fxgl-dev-20210320.103303-1712.jar!/fxglassets/textures/particles/smoke.png
11:36:05.837 [FXGL Background Thread 1 ] DEBUG GameApplicationServi - Application scenes initialized
11:36:05.843 [FXGL Background Thread 1 ] DEBUG SystemBundleService  - Loading FXGL system data
11:36:05.846 [FXGL Background Thread 1 ] DEBUG FileSystemAccess     - Reading from: C:\Users\anmay\IdeaProjects\Canvas Fleet Project\system\fxgl.bundle
11:36:05.850 [FXGL Background Thread 1 ] DEBUG SystemBundleService  - Bundle FXGL: {}
11:36:05.850 [FXGL Background Thread 1 ] DEBUG UpdaterService       - Checking for updates
11:36:05.864 [FXGL Background Thread 4 ] DEBUG FXGLApplication      - Loading fonts
11:36:05.864 [FXGL Background Thread 1 ] DEBUG FXGLApplication      - Loading default localization
11:36:05.865 [FXGL Background Thread 4 ] DEBUG FXGLAssetLoaderServi - Loading from file system: jar:file:/C:/Users/anmay/.m2/repository/com/github/almasb/fxgl/dev-SNAPSHOT/fxgl-dev-20210320.103303-1712.jar!/fxglassets/ui/fonts/VarelaRound-Regular.ttf
11:36:05.865 [FXGL Background Thread 1 ] DEBUG FXGLAssetLoaderServi - Loading from file system: jar:file:/C:/Users/anmay/.m2/repository/com/github/almasb/fxgl/dev-SNAPSHOT/fxgl-dev-20210320.103303-1712.jar!/fxglassets/languages/english.lang
11:36:05.877 [FXGL Background Thread 1 ] INFO  FXGLApplication      - FXGL initialization took: 0.428 sec
11:36:05.884 [JavaFX Application Thread] DEBUG Input                - Registered new binding: Up1 - W
11:36:05.884 [JavaFX Application Thread] DEBUG Input                - Registered new binding: Up2 - Up
11:36:05.884 [JavaFX Application Thread] DEBUG Input                - Registered new binding: Up3 - Numpad Up
11:36:05.884 [JavaFX Application Thread] DEBUG Input                - Registered new binding: Down1 - S
11:36:05.884 [JavaFX Application Thread] DEBUG Input                - Registered new binding: Down2 - Down
11:36:05.884 [JavaFX Application Thread] DEBUG Input                - Registered new binding: Down3 - Numpad Down
11:36:05.885 [JavaFX Application Thread] DEBUG Input                - Registered new binding: Left1 - A
11:36:05.885 [JavaFX Application Thread] DEBUG Input                - Registered new binding: Left2 - Left
11:36:05.885 [JavaFX Application Thread] DEBUG Input                - Registered new binding: Left3 - Numpad Left
11:36:05.885 [JavaFX Application Thread] DEBUG Input                - Registered new binding: Right1 - D
11:36:05.885 [JavaFX Application Thread] DEBUG Input                - Registered new binding: Right2 - Right
11:36:05.885 [JavaFX Application Thread] DEBUG Input                - Registered new binding: Right3 - Numpad Right
11:36:05.886 [JavaFX Application Thread] DEBUG Input                - Registered new binding: Shoot Mouse - LMB
11:36:05.886 [JavaFX Application Thread] DEBUG Input                - Registered new binding: Shoot Keypad - Insert
11:36:05.887 [JavaFX Application Thread] DEBUG FXGLAssetLoaderServi - Loading from file system: jar:file:/C:/Users/anmay/.m2/repository/com/github/almasb/fxgl/dev-SNAPSHOT/fxgl-dev-20210320.103303-1712.jar!/fxglassets/textures/fxgl_icon.png
11:36:05.894 [FXGL Background Thread 4 ] DEBUG FXGLAssetLoaderServi - Loading from file system: jar:file:/C:/Users/anmay/.m2/repository/com/github/almasb/fxgl/dev-SNAPSHOT/fxgl-dev-20210320.103303-1712.jar!/fxglassets/ui/fonts/Abel-Regular.ttf
11:36:05.897 [FXGL Background Thread 4 ] DEBUG FXGLAssetLoaderServi - Loading from file system: jar:file:/C:/Users/anmay/.m2/repository/com/github/almasb/fxgl/dev-SNAPSHOT/fxgl-dev-20210320.103303-1712.jar!/fxglassets/ui/fonts/lucida_console.ttf
11:36:05.901 [FXGL Background Thread 4 ] DEBUG FXGLAssetLoaderServi - Loading from file system: jar:file:/C:/Users/anmay/.m2/repository/com/github/almasb/fxgl/dev-SNAPSHOT/fxgl-dev-20210320.103303-1712.jar!/fxglassets/ui/fonts/Courier-Prime.ttf
11:36:05.902 [JavaFX Application Thread] DEBUG FXGLAssetLoaderServi - Loading from file system: jar:file:/C:/Users/anmay/.m2/repository/com/github/almasb/fxgl/dev-SNAPSHOT/fxgl-dev-20210320.103303-1712.jar!/fxglassets/ui/cursors/fxgl_default.png
11:36:05.903 [JavaFX Application Thread] DEBUG Input                - Registered new binding: Screenshot - P
11:36:05.904 [JavaFX Application Thread] DEBUG Input                - Registered new binding: Dev Options - 1
11:36:05.904 [JavaFX Application Thread] DEBUG Input                - Registered new binding: Dev Console - 2
11:36:05.904 [JavaFX Application Thread] DEBUG Input                - Registered new binding: System info dump - CTRL+9
11:36:05.905 [JavaFX Application Thread] DEBUG Input                - Registered new binding: Restart - CTRL+R
11:36:05.908 [JavaFX Application Thread] DEBUG Input                - Registered new binding: Toggle Debug Camera - CTRL+C
11:36:05.911 [JavaFX Application Thread] DEBUG LoopRunner           - Starting loop
11:36:05.926 [JavaFX Application Thread] DEBUG LoopRunner           - Initializing JavaFX AnimationTimerLoop
11:36:05.927 [JavaFX Application Thread] DEBUG Input                - Clearing active input actions
11:36:05.932 [JavaFX Application Thread] DEBUG GameApplicationServi - Removing overlay from FXGLStartupScene and adding to FXGLMainMenuDummyScene
11:36:05.935 [JavaFX Application Thread] DEBUG PrimaryStageWindow   - FXGLStartupScene -> FXGLMainMenuDummyScene
11:36:05.935 [JavaFX Application Thread] DEBUG PrimaryStageWindow   - Push state: MainMenu
11:36:05.935 [JavaFX Application Thread] DEBUG Input                - Clearing active input actions
11:36:05.945 [JavaFX Application Thread] DEBUG GameApplicationServi - Removing overlay from FXGLMainMenuDummyScene and adding to MainMenu
11:36:05.946 [JavaFX Application Thread] DEBUG PrimaryStageWindow   - FXGLMainMenuDummyScene -> MainMenu
11:36:05.947 [JavaFX Application Thread] DEBUG FXGLApplication      - Registering font factories with UI factory
11:36:06.173 [FXGL Background Thread 2 ] INFO  UpdaterService       - Your current version:  dev-SNAPSHOT
11:36:06.173 [FXGL Background Thread 2 ] INFO  UpdaterService       - Latest stable version: 11.15
11:36:08.864 [FXGL Background Thread 3 ] DEBUG Engine               - Logging environment variables
11:36:08.864 [FXGL Background Thread 3 ] DEBUG Engine               - achievements: []
11:36:08.864 [FXGL Background Thread 3 ] DEBUG Engine               - actualHeight: 600.0
11:36:08.864 [FXGL Background Thread 3 ] DEBUG Engine               - actualHeightProperty: ReadOnlyDoubleProperty [value: 600.0]
11:36:08.864 [FXGL Background Thread 3 ] DEBUG Engine               - actualWidth: 1000.0
11:36:08.864 [FXGL Background Thread 3 ] DEBUG Engine               - actualWidthProperty: ReadOnlyDoubleProperty [value: 1000.0]
11:36:08.864 [FXGL Background Thread 3 ] DEBUG Engine               - appIcon: fxgl_icon.png
11:36:08.864 [FXGL Background Thread 3 ] DEBUG Engine               - applicationMode: DEVELOPER
11:36:08.864 [FXGL Background Thread 3 ] DEBUG Engine               - cSSList: [fxgl_dark.css]
11:36:08.864 [FXGL Background Thread 3 ] DEBUG Engine               - collisionDetectionStrategy: BRUTE_FORCE
11:36:08.865 [FXGL Background Thread 3 ] DEBUG Engine               - configClass: Optional.empty
11:36:08.865 [FXGL Background Thread 3 ] DEBUG Engine               - credits: []
11:36:08.865 [FXGL Background Thread 3 ] DEBUG Engine               - devBBoxColorProperty: ObjectProperty [value: 0xff0000ff]
11:36:08.865 [FXGL Background Thread 3 ] DEBUG Engine               - devEnableDebugCameraProperty: BooleanProperty [value: false]
11:36:08.865 [FXGL Background Thread 3 ] DEBUG Engine               - devSensorColorProperty: ObjectProperty [value: 0xffff00ff]
11:36:08.865 [FXGL Background Thread 3 ] DEBUG Engine               - devShowBBoxProperty: BooleanProperty [value: false]
11:36:08.865 [FXGL Background Thread 3 ] DEBUG Engine               - devShowPositionProperty: BooleanProperty [value: false]
11:36:08.865 [FXGL Background Thread 3 ] DEBUG Engine               - enabledMenuItems: []
11:36:08.865 [FXGL Background Thread 3 ] DEBUG Engine               - engineServices: [class com.almasb.fxgl.app.services.FXGLAssetLoaderService, class com.almasb.fxgl.app.FXGLApplication$GameApplicationService, class com.almasb.fxgl.app.services.FXGLDialogService, class com.almasb.fxgl.app.services.IOTaskExecutorService, class com.almasb.fxgl.event.EventBusService, class com.almasb.fxgl.io.FileSystemService, class com.almasb.fxgl.localization.LocalizationService, class com.almasb.fxgl.app.services.SystemBundleService, class com.almasb.fxgl.profile.SaveLoadService, class com.almasb.fxgl.ui.FXGLUIFactoryServiceProvider, class com.almasb.fxgl.ui.FXGLDialogFactoryServiceProvider, class com.almasb.fxgl.audio.AudioPlayer, class com.almasb.fxgl.notification.impl.NotificationServiceProvider, class com.almasb.fxgl.achievement.AchievementService, class com.almasb.fxgl.cutscene.CutsceneService, class com.almasb.fxgl.minigames.MiniGameService, class com.almasb.fxgl.net.NetService, class com.almasb.fxgl.app.services.UpdaterService, class com.almasb.fxgl.dev.DevService]
11:36:08.865 [FXGL Background Thread 3 ] DEBUG Engine               - fontGame: Abel-Regular.ttf
11:36:08.865 [FXGL Background Thread 3 ] DEBUG Engine               - fontMono: lucida_console.ttf
11:36:08.865 [FXGL Background Thread 3 ] DEBUG Engine               - fontText: Courier-Prime.ttf
11:36:08.865 [FXGL Background Thread 3 ] DEBUG Engine               - fontUI: VarelaRound-Regular.ttf
11:36:08.865 [FXGL Background Thread 3 ] DEBUG Engine               - fullScreen: BooleanProperty [value: false]
11:36:08.866 [FXGL Background Thread 3 ] DEBUG Engine               - gameDifficulty: MEDIUM
11:36:08.866 [FXGL Background Thread 3 ] DEBUG Engine               - gameDifficultyProperty: ObjectProperty [value: MEDIUM]
11:36:08.866 [FXGL Background Thread 3 ] DEBUG Engine               - globalMusicVolume: 0.5
11:36:08.866 [FXGL Background Thread 3 ] DEBUG Engine               - globalMusicVolumeProperty: DoubleProperty [value: 0.5]
11:36:08.866 [FXGL Background Thread 3 ] DEBUG Engine               - globalSoundVolume: 0.5
11:36:08.866 [FXGL Background Thread 3 ] DEBUG Engine               - globalSoundVolumeProperty: DoubleProperty [value: 0.1]
11:36:08.866 [FXGL Background Thread 3 ] DEBUG Engine               - height: 600
11:36:08.866 [FXGL Background Thread 3 ] DEBUG Engine               - isAndroid: false
11:36:08.866 [FXGL Background Thread 3 ] DEBUG Engine               - isBrowser: false
11:36:08.866 [FXGL Background Thread 3 ] DEBUG Engine               - isClickFeedbackEnabled: false
11:36:08.866 [FXGL Background Thread 3 ] DEBUG Engine               - isCloseConfirmation: false
11:36:08.866 [FXGL Background Thread 3 ] DEBUG Engine               - isDesktop: true
11:36:08.866 [FXGL Background Thread 3 ] DEBUG Engine               - isDeveloperMenuEnabled: true
11:36:08.866 [FXGL Background Thread 3 ] DEBUG Engine               - isEntityPreloadEnabled: true
11:36:08.866 [FXGL Background Thread 3 ] DEBUG Engine               - isExperimental3D: false
11:36:08.867 [FXGL Background Thread 3 ] DEBUG Engine               - isExperimentalNative: false
11:36:08.867 [FXGL Background Thread 3 ] DEBUG Engine               - isExperimentalTiledLargeMap: false
11:36:08.867 [FXGL Background Thread 3 ] DEBUG Engine               - isFileSystemWriteAllowed: true
11:36:08.867 [FXGL Background Thread 3 ] DEBUG Engine               - isFullScreenAllowed: false
11:36:08.867 [FXGL Background Thread 3 ] DEBUG Engine               - isFullScreenFromStart: false
11:36:08.867 [FXGL Background Thread 3 ] DEBUG Engine               - isGameMenuEnabled: true
11:36:08.867 [FXGL Background Thread 3 ] DEBUG Engine               - isIOS: false
11:36:08.867 [FXGL Background Thread 3 ] DEBUG Engine               - isIntroEnabled: false
11:36:08.867 [FXGL Background Thread 3 ] DEBUG Engine               - isLinux: false
11:36:08.867 [FXGL Background Thread 3 ] DEBUG Engine               - isMac: false
11:36:08.867 [FXGL Background Thread 3 ] DEBUG Engine               - isMainMenuEnabled: true
11:36:08.867 [FXGL Background Thread 3 ] DEBUG Engine               - isManualResizeEnabled: false
11:36:08.867 [FXGL Background Thread 3 ] DEBUG Engine               - isMobile: false
11:36:08.867 [FXGL Background Thread 3 ] DEBUG Engine               - isPreserveResizeRatio: false
11:36:08.867 [FXGL Background Thread 3 ] DEBUG Engine               - isProfilingEnabled: false
11:36:08.867 [FXGL Background Thread 3 ] DEBUG Engine               - isScaleAffectedOnResize: true
11:36:08.868 [FXGL Background Thread 3 ] DEBUG Engine               - isSingleStep: false
11:36:08.868 [FXGL Background Thread 3 ] DEBUG Engine               - isUserProfileEnabled: false
11:36:08.868 [FXGL Background Thread 3 ] DEBUG Engine               - isWindows: true
11:36:08.868 [FXGL Background Thread 3 ] DEBUG Engine               - language: ObjectProperty [value: ENGLISH]
11:36:08.868 [FXGL Background Thread 3 ] DEBUG Engine               - menuKey: ESCAPE
11:36:08.868 [FXGL Background Thread 3 ] DEBUG Engine               - notificationViewClass: class com.almasb.fxgl.notification.view.XboxNotificationView
11:36:08.868 [FXGL Background Thread 3 ] DEBUG Engine               - pixelsPerMeter: 50.0
11:36:08.868 [FXGL Background Thread 3 ] DEBUG Engine               - platform: WINDOWS
11:36:08.868 [FXGL Background Thread 3 ] DEBUG Engine               - prefHeightProperty: ReadOnlyDoubleProperty [value: 600.0]
11:36:08.868 [FXGL Background Thread 3 ] DEBUG Engine               - prefWidthProperty: ReadOnlyDoubleProperty [value: 1000.0]
11:36:08.868 [FXGL Background Thread 3 ] DEBUG Engine               - profileDir: profiles/
11:36:08.868 [FXGL Background Thread 3 ] DEBUG Engine               - profileName: StringProperty [value: DEFAULT]
11:36:08.868 [FXGL Background Thread 3 ] DEBUG Engine               - randomSeed: -1
11:36:08.868 [FXGL Background Thread 3 ] DEBUG Engine               - runtimeInfo: RuntimeInfo(platform=WINDOWS, version=dev-SNAPSHOT, build=20.03.2021 10.32)
11:36:08.868 [FXGL Background Thread 3 ] DEBUG Engine               - saveFileExt: sav
11:36:08.868 [FXGL Background Thread 3 ] DEBUG Engine               - scaledHeightProp$fxgl: DoubleProperty [bound, value: 600.0]
11:36:08.868 [FXGL Background Thread 3 ] DEBUG Engine               - scaledWidthProp$fxgl: DoubleProperty [bound, value: 1000.0]
11:36:08.869 [FXGL Background Thread 3 ] DEBUG Engine               - sceneFactory: Game$1@79943f0
11:36:08.869 [FXGL Background Thread 3 ] DEBUG Engine               - secondsIn24h: 60
11:36:08.869 [FXGL Background Thread 3 ] DEBUG Engine               - soundMenuBack: menu/back.wav
11:36:08.869 [FXGL Background Thread 3 ] DEBUG Engine               - soundMenuPress: menu/press.wav
11:36:08.869 [FXGL Background Thread 3 ] DEBUG Engine               - soundMenuSelect: menu/select.wav
11:36:08.869 [FXGL Background Thread 3 ] DEBUG Engine               - soundNotification: core/notification.wav
11:36:08.869 [FXGL Background Thread 3 ] DEBUG Engine               - stageStyle: DECORATED
11:36:08.869 [FXGL Background Thread 3 ] DEBUG Engine               - supportedLanguages: [ENGLISH, FRENCH, GERMAN, HUNGARIAN, RUSSIAN]
11:36:08.869 [FXGL Background Thread 3 ] DEBUG Engine               - ticksPerSecond: -1
11:36:08.869 [FXGL Background Thread 3 ] DEBUG Engine               - title: test
11:36:08.869 [FXGL Background Thread 3 ] DEBUG Engine               - urlGithub: https://github.com/AlmasB/FXGL
11:36:08.869 [FXGL Background Thread 3 ] DEBUG Engine               - urlLeaderboard: http://fxgl-top.herokuapp.com/
11:36:08.869 [FXGL Background Thread 3 ] DEBUG Engine               - urlPOM: https://raw.githubusercontent.com/AlmasB/FXGL/release/README.md
11:36:08.869 [FXGL Background Thread 3 ] DEBUG Engine               - userAppClass: class Game
11:36:08.869 [FXGL Background Thread 3 ] DEBUG Engine               - version: 1.0
11:36:08.869 [FXGL Background Thread 3 ] DEBUG Engine               - versionCheckDays: 7
11:36:08.869 [FXGL Background Thread 3 ] DEBUG Engine               - width: 1000
11:36:08.869 [FXGL Background Thread 3 ] DEBUG Engine               - Logging services
11:36:08.869 [FXGL Background Thread 3 ] DEBUG Engine               - class com.almasb.fxgl.app.services.FXGLAssetLoaderService
11:36:08.870 [FXGL Background Thread 3 ] DEBUG Engine               - class com.almasb.fxgl.app.FXGLApplication$GameApplicationService
11:36:08.870 [FXGL Background Thread 3 ] DEBUG Engine               - class com.almasb.fxgl.app.services.FXGLDialogService
11:36:08.870 [FXGL Background Thread 3 ] DEBUG Engine               - class com.almasb.fxgl.app.services.IOTaskExecutorService
11:36:08.870 [FXGL Background Thread 3 ] DEBUG Engine               - class com.almasb.fxgl.event.EventBusService
11:36:08.870 [FXGL Background Thread 3 ] DEBUG Engine               - class com.almasb.fxgl.io.FileSystemService
11:36:08.870 [FXGL Background Thread 3 ] DEBUG Engine               - class com.almasb.fxgl.localization.LocalizationService
11:36:08.870 [FXGL Background Thread 3 ] DEBUG Engine               - class com.almasb.fxgl.app.services.SystemBundleService
11:36:08.870 [FXGL Background Thread 3 ] DEBUG Engine               - class com.almasb.fxgl.profile.SaveLoadService
11:36:08.870 [FXGL Background Thread 3 ] DEBUG Engine               - class com.almasb.fxgl.ui.FXGLUIFactoryServiceProvider
11:36:08.870 [FXGL Background Thread 3 ] DEBUG Engine               - class com.almasb.fxgl.ui.FXGLDialogFactoryServiceProvider
11:36:08.870 [FXGL Background Thread 3 ] DEBUG Engine               - class com.almasb.fxgl.audio.AudioPlayer
11:36:08.870 [FXGL Background Thread 3 ] DEBUG Engine               - class com.almasb.fxgl.notification.impl.NotificationServiceProvider
11:36:08.870 [FXGL Background Thread 3 ] DEBUG Engine               - class com.almasb.fxgl.achievement.AchievementService
11:36:08.870 [FXGL Background Thread 3 ] DEBUG Engine               - class com.almasb.fxgl.cutscene.CutsceneService
11:36:08.870 [FXGL Background Thread 3 ] DEBUG Engine               - class com.almasb.fxgl.minigames.MiniGameService
11:36:08.870 [FXGL Background Thread 3 ] DEBUG Engine               - class com.almasb.fxgl.net.NetService
11:36:08.870 [FXGL Background Thread 3 ] DEBUG Engine               - class com.almasb.fxgl.app.services.UpdaterService
11:36:08.870 [FXGL Background Thread 3 ] DEBUG Engine               - class com.almasb.fxgl.dev.DevService
11:36:10.493 [JavaFX Application Thread] DEBUG Menu                 - fireNewGame()
11:36:10.493 [JavaFX Application Thread] DEBUG GameApplicationServi - Starting new game
11:36:10.493 [JavaFX Application Thread] DEBUG PrimaryStageWindow   - Pop state: MainMenu
11:36:10.493 [JavaFX Application Thread] DEBUG Input                - Clearing active input actions
11:36:10.495 [JavaFX Application Thread] DEBUG GameApplicationServi - Removing overlay from MainMenu and adding to FXGLMainMenuDummyScene
11:36:10.495 [JavaFX Application Thread] DEBUG PrimaryStageWindow   - FXGLMainMenuDummyScene <- MainMenu
11:36:10.496 [JavaFX Application Thread] DEBUG Input                - Clearing active input actions
11:36:10.499 [JavaFX Application Thread] DEBUG GameApplicationServi - Removing overlay from FXGLMainMenuDummyScene and adding to FXGLLoadingScene
11:36:10.500 [JavaFX Application Thread] DEBUG PrimaryStageWindow   - FXGLMainMenuDummyScene -> FXGLLoadingScene
11:36:10.500 [JavaFX Application Thread] DEBUG GameApplicationServi - Clearing previous game
11:36:10.500 [JavaFX Application Thread] DEBUG GameScene            - Clearing game scene
11:36:10.500 [JavaFX Application Thread] DEBUG GameWorld            - Clearing game world
11:36:10.500 [JavaFX Application Thread] DEBUG PhysicsWorld         - Clearing physics world
11:36:10.501 [FXGL Background Thread 2 ] DEBUG FXGLApplication      - Initializing game
11:36:10.502 [FXGL Background Thread 2 ] DEBUG FXGLAssetLoaderServi - Loading from file system: file:/C:/Users/anmay/IdeaProjects/Canvas%20Fleet%20Project/target/classes/assets/music/bgm.mp3
11:36:10.574 [FXGL Background Thread 2 ] DEBUG AudioPlayer          - Playing music com.almasb.fxgl.audio.Music@43a88e2e
11:36:10.580 [FXGL Background Thread 2 ] DEBUG FXGLAssetLoaderServi - Loading from file system: file:/C:/Users/anmay/IdeaProjects/Canvas%20Fleet%20Project/target/classes/assets/textures/Gunboat.png
11:36:10.587 [FXGL Background Thread 2 ] DEBUG FXGLAssetLoaderServi - Loading from file system: file:/C:/Users/anmay/IdeaProjects/Canvas%20Fleet%20Project/target/classes/assets/textures/Turret.png
11:36:10.590 [FXGL Background Thread 2 ] WARN  GameWorld            - Entity is already attached to world
11:36:10.591 [FXGL Background Thread 2 ] WARN  GameWorld            - Entity is already attached to world
11:36:10.591 [FXGL Background Thread 2 ] DEBUG FXGLAssetLoaderServi - Loading from file system: file:/C:/Users/anmay/IdeaProjects/Canvas%20Fleet%20Project/target/classes/assets/textures/Destroyer.png
11:36:10.593 [FXGL Background Thread 2 ] WARN  GameWorld            - Entity is already attached to world
11:36:10.595 [FXGL Background Thread 2 ] WARN  GameWorld            - Entity is already attached to world
11:36:10.596 [FXGL Background Thread 2 ] WARN  GameWorld            - Entity is already attached to world
11:36:10.596 [FXGL Background Thread 2 ] WARN  GameWorld            - Entity is already attached to world
11:36:10.597 [FXGL Background Thread 2 ] WARN  GameWorld            - Entity is already attached to world
11:36:10.598 [FXGL Background Thread 2 ] WARN  GameWorld            - Entity is already attached to world
11:36:10.599 [FXGL Background Thread 2 ] WARN  GameWorld            - Entity is already attached to world
11:36:10.600 [FXGL Background Thread 2 ] WARN  GameWorld            - Entity is already attached to world
11:36:10.601 [FXGL Background Thread 2 ] WARN  GameWorld            - Entity is already attached to world
11:36:10.601 [FXGL Background Thread 2 ] WARN  GameWorld            - Entity is already attached to world
11:36:10.603 [FXGL Background Thread 2 ] WARN  GameWorld            - Entity is already attached to world
11:36:10.605 [FXGL Background Thread 2 ] WARN  GameWorld            - Entity is already attached to world
11:36:10.606 [FXGL Background Thread 2 ] WARN  GameWorld            - Entity is already attached to world
11:36:10.608 [FXGL Background Thread 2 ] INFO  FXGLApplication      - Game initialization took: 0.107 sec
11:36:10.608 [JavaFX Application Thread] DEBUG Input                - Clearing active input actions
11:36:10.612 [JavaFX Application Thread] DEBUG GameApplicationServi - Removing overlay from FXGLLoadingScene and adding to GameScene
11:36:10.613 [JavaFX Application Thread] DEBUG PrimaryStageWindow   - FXGLLoadingScene -> GameScene
11:36:11.912 [JavaFX Application Thread] DEBUG FXGLAssetLoaderServi - Loading from file system: file:/C:/Users/anmay/IdeaProjects/Canvas%20Fleet%20Project/target/classes/assets/sounds/cannon.wav
11:36:11.922 [JavaFX Application Thread] DEBUG FXGLAssetLoaderServi - Loading from file system: file:/C:/Users/anmay/IdeaProjects/Canvas%20Fleet%20Project/target/classes/assets/textures/Bullet.png
11:36:30.867 [JavaFX Application Thread] DEBUG FXGLAssetLoaderServi - Loading from file system: file:/C:/Users/anmay/IdeaProjects/Canvas%20Fleet%20Project/target/classes/assets/textures/explosion.png
11:36:31.812 [JavaFX Application Thread] DEBUG PrimaryStageWindow   - Push state: DialogSubScene
11:36:31.812 [JavaFX Application Thread] DEBUG Input                - Clearing active input actions
11:36:31.813 [JavaFX Application Thread] DEBUG GameApplicationServi - Removing overlay from GameScene and adding to DialogSubScene
11:36:31.813 [JavaFX Application Thread] DEBUG PrimaryStageWindow   - GameScene -> DialogSubScene
11:36:31.814 [JavaFX Application Thread] WARN  GameWorld            - Attempted to remove entity which is not active
11:36:31.814 [JavaFX Application Thread] WARN  GameWorld            - Attempted to remove entity which is not active
11:36:33.593 [JavaFX Application Thread] DEBUG FXGLApplication      - Exiting FXGL
11:36:33.593 [JavaFX Application Thread] DEBUG LoopRunner           - Stopping loop
11:36:33.593 [JavaFX Application Thread] DEBUG SystemBundleService  - Saving FXGL system data
11:36:33.594 [JavaFX Application Thread] DEBUG FileSystemAccess     - Writing to: C:\Users\anmay\IdeaProjects\Canvas Fleet Project\system\fxgl.bundle
11:36:33.595 [JavaFX Application Thread] DEBUG Async                - Shutting down background threads
11:36:33.595 [JavaFX Application Thread] DEBUG PrimaryStageWindow   - Closing main window
11:36:33.603 [JavaFX Application Thread] DEBUG Logger               - Closing Logger
