23:53:21.085 [main                     ] DEBUG Logger               - Configured Logger
23:53:21.089 [main                     ] DEBUG GameApplication      - Logging settings
Title: test
Version: 1.0
Width: 1000
Height: 600
Fullscreen: false
Intro: false
Profiling: false
Single step:false
App Mode: DEVELOPER
Menu Key: ESCAPE
Stage Style: DECORATED
Scene Factory: class Game$1

23:53:21.332 [JavaFX Application Thread] DEBUG FXGLApplication      - Initializing FXGL
23:53:21.334 [JavaFX Application Thread] INFO  Engine               - FXGL-dev-SNAPSHOT (20.03.2021 10.32) on WINDOWS (J:14.0.2 FX:14.0.2.1)
23:53:21.334 [JavaFX Application Thread] DEBUG Engine               - JRE Vendor Name: Oracle Corporation
23:53:21.334 [JavaFX Application Thread] DEBUG Engine               - Running on OS: Windows 10 version 10.0
23:53:21.335 [JavaFX Application Thread] DEBUG Engine               - Architecture: amd64
23:53:21.335 [JavaFX Application Thread] INFO  Engine               - Source code and latest versions at: https://github.com/AlmasB/FXGL
23:53:21.335 [JavaFX Application Thread] INFO  Engine               -              Join the FXGL chat at: https://gitter.im/AlmasB/FXGL
23:53:21.427 [JavaFX Application Thread] DEBUG PrimaryStageWindow   - Creating a JavaFX scene
23:53:21.467 [JavaFX Application Thread] DEBUG PrimaryStageWindow   - Target settings size: 1000.0 x 600.0
23:53:21.467 [JavaFX Application Thread] DEBUG PrimaryStageWindow   - Scaled scene size:    1000.0 x 600.0
23:53:21.467 [JavaFX Application Thread] DEBUG PrimaryStageWindow   - Scaled ratio: (1.0, 1.0)
23:53:21.468 [JavaFX Application Thread] DEBUG PrimaryStageWindow   - Set initial scene to FXGLStartupScene
23:53:21.473 [JavaFX Application Thread] DEBUG PrimaryStageWindow   - Opening main window
23:53:21.550 [JavaFX Application Thread] DEBUG PrimaryStageWindow   - Window border size: (16.0, 39.0)
23:53:21.551 [JavaFX Application Thread] DEBUG PrimaryStageWindow   - Scaled size: 1000.0 x 600.0
23:53:21.551 [JavaFX Application Thread] DEBUG PrimaryStageWindow   - Scaled ratio: (1.0, 1.0)
23:53:21.551 [JavaFX Application Thread] DEBUG PrimaryStageWindow   - Scene size: 1000.0 x 600.0
23:53:21.551 [JavaFX Application Thread] DEBUG PrimaryStageWindow   - Stage size: 1016.0 x 639.0
23:53:21.557 [FXGL Background Thread 1 ] DEBUG Engine               - Initializing environment variables
23:53:21.584 [FXGL Background Thread 1 ] DEBUG FXGLAssetLoaderServi - User app class for loading assets: class Game
23:53:21.584 [FXGL Background Thread 1 ] DEBUG GameApplicationServi - Applying CSS: fxgl_dark.css
23:53:21.585 [FXGL Background Thread 1 ] DEBUG FXGLAssetLoaderServi - Loading from file system: jar:file:/C:/Users/anmay/.m2/repository/com/github/almasb/fxgl/dev-SNAPSHOT/fxgl-dev-20210320.103303-1712.jar!/fxglassets/ui/css/fxgl_dark.css
23:53:21.622 [FXGL Background Thread 1 ] DEBUG GameApplicationServi - Initializing application scenes
23:53:21.648 [FXGL Background Thread 1 ] DEBUG GameWorld            - Game world initialized
23:53:21.702 [FXGL Background Thread 1 ] DEBUG PhysicsWorld         - Physics world initialized: appHeight=600, physics.ppm=50.0
23:53:21.702 [FXGL Background Thread 1 ] DEBUG PhysicsWorld         - Using strategy: BRUTE_FORCE
23:53:21.704 [FXGL Background Thread 1 ] DEBUG GameScene            - Game scene initialized: 1000x600
23:53:21.890 [FXGL Background Thread 1 ] DEBUG FXGLAssetLoaderServi - Loading from file system: jar:file:/C:/Users/anmay/.m2/repository/com/github/almasb/fxgl/dev-SNAPSHOT/fxgl-dev-20210320.103303-1712.jar!/fxglassets/textures/particles/trace_horizontal.png
23:53:21.923 [FXGL Background Thread 1 ] DEBUG FXGL.DefaultMenu     - createMenuBodyGameMenu()
23:53:21.929 [FXGL Background Thread 1 ] DEBUG FXGL.DefaultMenu     - createOptionsMenu()
23:53:21.933 [FXGL Background Thread 1 ] DEBUG FXGLAssetLoaderServi - Loading from file system: jar:file:/C:/Users/anmay/.m2/repository/com/github/almasb/fxgl/dev-SNAPSHOT/fxgl-dev-20210320.103303-1712.jar!/fxglassets/textures/particles/smoke.png
23:53:21.972 [FXGL Background Thread 1 ] DEBUG GameApplicationServi - Application scenes initialized
23:53:21.979 [FXGL Background Thread 1 ] DEBUG SystemBundleService  - Loading FXGL system data
23:53:21.983 [FXGL Background Thread 1 ] DEBUG FileSystemAccess     - Reading from: C:\Users\anmay\IdeaProjects\Canvas Fleet Project\system\fxgl.bundle
23:53:21.987 [FXGL Background Thread 1 ] DEBUG SystemBundleService  - Bundle FXGL: {}
23:53:21.987 [FXGL Background Thread 1 ] DEBUG UpdaterService       - Checking for updates
23:53:22.006 [FXGL Background Thread 4 ] DEBUG FXGLApplication      - Loading fonts
23:53:22.006 [FXGL Background Thread 1 ] DEBUG FXGLApplication      - Loading default localization
23:53:22.007 [FXGL Background Thread 4 ] DEBUG FXGLAssetLoaderServi - Loading from file system: jar:file:/C:/Users/anmay/.m2/repository/com/github/almasb/fxgl/dev-SNAPSHOT/fxgl-dev-20210320.103303-1712.jar!/fxglassets/ui/fonts/VarelaRound-Regular.ttf
23:53:22.007 [FXGL Background Thread 1 ] DEBUG FXGLAssetLoaderServi - Loading from file system: jar:file:/C:/Users/anmay/.m2/repository/com/github/almasb/fxgl/dev-SNAPSHOT/fxgl-dev-20210320.103303-1712.jar!/fxglassets/languages/english.lang
23:53:22.018 [FXGL Background Thread 1 ] INFO  FXGLApplication      - FXGL initialization took: 0.461 sec
23:53:22.027 [JavaFX Application Thread] DEBUG Input                - Registered new binding: Up1 - W
23:53:22.027 [JavaFX Application Thread] DEBUG Input                - Registered new binding: Up2 - Up
23:53:22.027 [JavaFX Application Thread] DEBUG Input                - Registered new binding: Up3 - Numpad Up
23:53:22.027 [JavaFX Application Thread] DEBUG Input                - Registered new binding: Down1 - S
23:53:22.028 [JavaFX Application Thread] DEBUG Input                - Registered new binding: Down2 - Down
23:53:22.028 [JavaFX Application Thread] DEBUG Input                - Registered new binding: Down3 - Numpad Down
23:53:22.028 [JavaFX Application Thread] DEBUG Input                - Registered new binding: Left1 - A
23:53:22.028 [JavaFX Application Thread] DEBUG Input                - Registered new binding: Left2 - Left
23:53:22.028 [JavaFX Application Thread] DEBUG Input                - Registered new binding: Left3 - Numpad Left
23:53:22.028 [JavaFX Application Thread] DEBUG Input                - Registered new binding: Right1 - D
23:53:22.028 [JavaFX Application Thread] DEBUG Input                - Registered new binding: Right2 - Right
23:53:22.028 [JavaFX Application Thread] DEBUG Input                - Registered new binding: Right3 - Numpad Right
23:53:22.030 [JavaFX Application Thread] DEBUG Input                - Registered new binding: Shoot Mouse - LMB
23:53:22.030 [JavaFX Application Thread] DEBUG Input                - Registered new binding: Shoot Keypad - Insert
23:53:22.030 [JavaFX Application Thread] DEBUG FXGLAssetLoaderServi - Loading from file system: jar:file:/C:/Users/anmay/.m2/repository/com/github/almasb/fxgl/dev-SNAPSHOT/fxgl-dev-20210320.103303-1712.jar!/fxglassets/textures/fxgl_icon.png
23:53:22.041 [FXGL Background Thread 4 ] DEBUG FXGLAssetLoaderServi - Loading from file system: jar:file:/C:/Users/anmay/.m2/repository/com/github/almasb/fxgl/dev-SNAPSHOT/fxgl-dev-20210320.103303-1712.jar!/fxglassets/ui/fonts/Abel-Regular.ttf
23:53:22.044 [FXGL Background Thread 4 ] DEBUG FXGLAssetLoaderServi - Loading from file system: jar:file:/C:/Users/anmay/.m2/repository/com/github/almasb/fxgl/dev-SNAPSHOT/fxgl-dev-20210320.103303-1712.jar!/fxglassets/ui/fonts/lucida_console.ttf
23:53:22.045 [JavaFX Application Thread] DEBUG FXGLAssetLoaderServi - Loading from file system: jar:file:/C:/Users/anmay/.m2/repository/com/github/almasb/fxgl/dev-SNAPSHOT/fxgl-dev-20210320.103303-1712.jar!/fxglassets/ui/cursors/fxgl_default.png
23:53:22.046 [JavaFX Application Thread] DEBUG Input                - Registered new binding: Screenshot - P
23:53:22.047 [JavaFX Application Thread] DEBUG Input                - Registered new binding: Dev Options - 1
23:53:22.047 [JavaFX Application Thread] DEBUG Input                - Registered new binding: Dev Console - 2
23:53:22.047 [JavaFX Application Thread] DEBUG Input                - Registered new binding: System info dump - CTRL+9
23:53:22.047 [JavaFX Application Thread] DEBUG Input                - Registered new binding: Restart - CTRL+R
23:53:22.048 [JavaFX Application Thread] DEBUG Input                - Registered new binding: Toggle Debug Camera - CTRL+C
23:53:22.048 [FXGL Background Thread 4 ] DEBUG FXGLAssetLoaderServi - Loading from file system: jar:file:/C:/Users/anmay/.m2/repository/com/github/almasb/fxgl/dev-SNAPSHOT/fxgl-dev-20210320.103303-1712.jar!/fxglassets/ui/fonts/Courier-Prime.ttf
23:53:22.055 [JavaFX Application Thread] DEBUG LoopRunner           - Starting loop
23:53:22.071 [JavaFX Application Thread] DEBUG LoopRunner           - Initializing JavaFX AnimationTimerLoop
23:53:22.073 [JavaFX Application Thread] DEBUG Input                - Clearing active input actions
23:53:22.080 [JavaFX Application Thread] DEBUG GameApplicationServi - Removing overlay from FXGLStartupScene and adding to FXGLMainMenuDummyScene
23:53:22.084 [JavaFX Application Thread] DEBUG PrimaryStageWindow   - FXGLStartupScene -> FXGLMainMenuDummyScene
23:53:22.084 [JavaFX Application Thread] DEBUG PrimaryStageWindow   - Push state: MainMenu
23:53:22.085 [JavaFX Application Thread] DEBUG Input                - Clearing active input actions
23:53:22.096 [JavaFX Application Thread] DEBUG GameApplicationServi - Removing overlay from FXGLMainMenuDummyScene and adding to MainMenu
23:53:22.097 [JavaFX Application Thread] DEBUG PrimaryStageWindow   - FXGLMainMenuDummyScene -> MainMenu
23:53:22.099 [JavaFX Application Thread] DEBUG FXGLApplication      - Registering font factories with UI factory
23:53:22.507 [FXGL Background Thread 2 ] INFO  UpdaterService       - Your current version:  dev-SNAPSHOT
23:53:22.507 [FXGL Background Thread 2 ] INFO  UpdaterService       - Latest stable version: 11.15
23:53:25.006 [FXGL Background Thread 3 ] DEBUG Engine               - Logging environment variables
23:53:25.006 [FXGL Background Thread 3 ] DEBUG Engine               - achievements: []
23:53:25.006 [FXGL Background Thread 3 ] DEBUG Engine               - actualHeight: 600.0
23:53:25.006 [FXGL Background Thread 3 ] DEBUG Engine               - actualHeightProperty: ReadOnlyDoubleProperty [value: 600.0]
23:53:25.006 [FXGL Background Thread 3 ] DEBUG Engine               - actualWidth: 1000.0
23:53:25.006 [FXGL Background Thread 3 ] DEBUG Engine               - actualWidthProperty: ReadOnlyDoubleProperty [value: 1000.0]
23:53:25.006 [FXGL Background Thread 3 ] DEBUG Engine               - appIcon: fxgl_icon.png
23:53:25.006 [FXGL Background Thread 3 ] DEBUG Engine               - applicationMode: DEVELOPER
23:53:25.006 [FXGL Background Thread 3 ] DEBUG Engine               - cSSList: [fxgl_dark.css]
23:53:25.007 [FXGL Background Thread 3 ] DEBUG Engine               - collisionDetectionStrategy: BRUTE_FORCE
23:53:25.007 [FXGL Background Thread 3 ] DEBUG Engine               - configClass: Optional.empty
23:53:25.007 [FXGL Background Thread 3 ] DEBUG Engine               - credits: []
23:53:25.007 [FXGL Background Thread 3 ] DEBUG Engine               - devBBoxColorProperty: ObjectProperty [value: 0xff0000ff]
23:53:25.007 [FXGL Background Thread 3 ] DEBUG Engine               - devEnableDebugCameraProperty: BooleanProperty [value: false]
23:53:25.007 [FXGL Background Thread 3 ] DEBUG Engine               - devSensorColorProperty: ObjectProperty [value: 0xffff00ff]
23:53:25.007 [FXGL Background Thread 3 ] DEBUG Engine               - devShowBBoxProperty: BooleanProperty [value: false]
23:53:25.007 [FXGL Background Thread 3 ] DEBUG Engine               - devShowPositionProperty: BooleanProperty [value: false]
23:53:25.007 [FXGL Background Thread 3 ] DEBUG Engine               - enabledMenuItems: []
23:53:25.007 [FXGL Background Thread 3 ] DEBUG Engine               - engineServices: [class com.almasb.fxgl.app.services.FXGLAssetLoaderService, class com.almasb.fxgl.app.FXGLApplication$GameApplicationService, class com.almasb.fxgl.app.services.FXGLDialogService, class com.almasb.fxgl.app.services.IOTaskExecutorService, class com.almasb.fxgl.event.EventBusService, class com.almasb.fxgl.io.FileSystemService, class com.almasb.fxgl.localization.LocalizationService, class com.almasb.fxgl.app.services.SystemBundleService, class com.almasb.fxgl.profile.SaveLoadService, class com.almasb.fxgl.ui.FXGLUIFactoryServiceProvider, class com.almasb.fxgl.ui.FXGLDialogFactoryServiceProvider, class com.almasb.fxgl.audio.AudioPlayer, class com.almasb.fxgl.notification.impl.NotificationServiceProvider, class com.almasb.fxgl.achievement.AchievementService, class com.almasb.fxgl.cutscene.CutsceneService, class com.almasb.fxgl.minigames.MiniGameService, class com.almasb.fxgl.net.NetService, class com.almasb.fxgl.app.services.UpdaterService, class com.almasb.fxgl.dev.DevService]
23:53:25.007 [FXGL Background Thread 3 ] DEBUG Engine               - fontGame: Abel-Regular.ttf
23:53:25.007 [FXGL Background Thread 3 ] DEBUG Engine               - fontMono: lucida_console.ttf
23:53:25.007 [FXGL Background Thread 3 ] DEBUG Engine               - fontText: Courier-Prime.ttf
23:53:25.007 [FXGL Background Thread 3 ] DEBUG Engine               - fontUI: VarelaRound-Regular.ttf
23:53:25.008 [FXGL Background Thread 3 ] DEBUG Engine               - fullScreen: BooleanProperty [value: false]
23:53:25.008 [FXGL Background Thread 3 ] DEBUG Engine               - gameDifficulty: MEDIUM
23:53:25.008 [FXGL Background Thread 3 ] DEBUG Engine               - gameDifficultyProperty: ObjectProperty [value: MEDIUM]
23:53:25.008 [FXGL Background Thread 3 ] DEBUG Engine               - globalMusicVolume: 0.5
23:53:25.008 [FXGL Background Thread 3 ] DEBUG Engine               - globalMusicVolumeProperty: DoubleProperty [value: 0.5]
23:53:25.008 [FXGL Background Thread 3 ] DEBUG Engine               - globalSoundVolume: 0.5
23:53:25.008 [FXGL Background Thread 3 ] DEBUG Engine               - globalSoundVolumeProperty: DoubleProperty [value: 0.1]
23:53:25.008 [FXGL Background Thread 3 ] DEBUG Engine               - height: 600
23:53:25.008 [FXGL Background Thread 3 ] DEBUG Engine               - isAndroid: false
23:53:25.008 [FXGL Background Thread 3 ] DEBUG Engine               - isBrowser: false
23:53:25.008 [FXGL Background Thread 3 ] DEBUG Engine               - isClickFeedbackEnabled: false
23:53:25.008 [FXGL Background Thread 3 ] DEBUG Engine               - isCloseConfirmation: false
23:53:25.008 [FXGL Background Thread 3 ] DEBUG Engine               - isDesktop: true
23:53:25.008 [FXGL Background Thread 3 ] DEBUG Engine               - isDeveloperMenuEnabled: true
23:53:25.008 [FXGL Background Thread 3 ] DEBUG Engine               - isEntityPreloadEnabled: true
23:53:25.008 [FXGL Background Thread 3 ] DEBUG Engine               - isExperimental3D: false
23:53:25.009 [FXGL Background Thread 3 ] DEBUG Engine               - isExperimentalNative: false
23:53:25.009 [FXGL Background Thread 3 ] DEBUG Engine               - isExperimentalTiledLargeMap: false
23:53:25.009 [FXGL Background Thread 3 ] DEBUG Engine               - isFileSystemWriteAllowed: true
23:53:25.009 [FXGL Background Thread 3 ] DEBUG Engine               - isFullScreenAllowed: false
23:53:25.009 [FXGL Background Thread 3 ] DEBUG Engine               - isFullScreenFromStart: false
23:53:25.009 [FXGL Background Thread 3 ] DEBUG Engine               - isGameMenuEnabled: true
23:53:25.009 [FXGL Background Thread 3 ] DEBUG Engine               - isIOS: false
23:53:25.009 [FXGL Background Thread 3 ] DEBUG Engine               - isIntroEnabled: false
23:53:25.009 [FXGL Background Thread 3 ] DEBUG Engine               - isLinux: false
23:53:25.009 [FXGL Background Thread 3 ] DEBUG Engine               - isMac: false
23:53:25.009 [FXGL Background Thread 3 ] DEBUG Engine               - isMainMenuEnabled: true
23:53:25.009 [FXGL Background Thread 3 ] DEBUG Engine               - isManualResizeEnabled: false
23:53:25.009 [FXGL Background Thread 3 ] DEBUG Engine               - isMobile: false
23:53:25.009 [FXGL Background Thread 3 ] DEBUG Engine               - isPreserveResizeRatio: false
23:53:25.009 [FXGL Background Thread 3 ] DEBUG Engine               - isProfilingEnabled: false
23:53:25.009 [FXGL Background Thread 3 ] DEBUG Engine               - isScaleAffectedOnResize: true
23:53:25.010 [FXGL Background Thread 3 ] DEBUG Engine               - isSingleStep: false
23:53:25.010 [FXGL Background Thread 3 ] DEBUG Engine               - isUserProfileEnabled: false
23:53:25.010 [FXGL Background Thread 3 ] DEBUG Engine               - isWindows: true
23:53:25.010 [FXGL Background Thread 3 ] DEBUG Engine               - language: ObjectProperty [value: ENGLISH]
23:53:25.010 [FXGL Background Thread 3 ] DEBUG Engine               - menuKey: ESCAPE
23:53:25.010 [FXGL Background Thread 3 ] DEBUG Engine               - notificationViewClass: class com.almasb.fxgl.notification.view.XboxNotificationView
23:53:25.010 [FXGL Background Thread 3 ] DEBUG Engine               - pixelsPerMeter: 50.0
23:53:25.010 [FXGL Background Thread 3 ] DEBUG Engine               - platform: WINDOWS
23:53:25.010 [FXGL Background Thread 3 ] DEBUG Engine               - prefHeightProperty: ReadOnlyDoubleProperty [value: 600.0]
23:53:25.010 [FXGL Background Thread 3 ] DEBUG Engine               - prefWidthProperty: ReadOnlyDoubleProperty [value: 1000.0]
23:53:25.010 [FXGL Background Thread 3 ] DEBUG Engine               - profileDir: profiles/
23:53:25.010 [FXGL Background Thread 3 ] DEBUG Engine               - profileName: StringProperty [value: DEFAULT]
23:53:25.010 [FXGL Background Thread 3 ] DEBUG Engine               - randomSeed: -1
23:53:25.010 [FXGL Background Thread 3 ] DEBUG Engine               - runtimeInfo: RuntimeInfo(platform=WINDOWS, version=dev-SNAPSHOT, build=20.03.2021 10.32)
23:53:25.010 [FXGL Background Thread 3 ] DEBUG Engine               - saveFileExt: sav
23:53:25.010 [FXGL Background Thread 3 ] DEBUG Engine               - scaledHeightProp$fxgl: DoubleProperty [bound, value: 600.0]
23:53:25.010 [FXGL Background Thread 3 ] DEBUG Engine               - scaledWidthProp$fxgl: DoubleProperty [bound, value: 1000.0]
23:53:25.011 [FXGL Background Thread 3 ] DEBUG Engine               - sceneFactory: Game$1@45971276
23:53:25.011 [FXGL Background Thread 3 ] DEBUG Engine               - secondsIn24h: 60
23:53:25.011 [FXGL Background Thread 3 ] DEBUG Engine               - soundMenuBack: menu/back.wav
23:53:25.011 [FXGL Background Thread 3 ] DEBUG Engine               - soundMenuPress: menu/press.wav
23:53:25.011 [FXGL Background Thread 3 ] DEBUG Engine               - soundMenuSelect: menu/select.wav
23:53:25.011 [FXGL Background Thread 3 ] DEBUG Engine               - soundNotification: core/notification.wav
23:53:25.011 [FXGL Background Thread 3 ] DEBUG Engine               - stageStyle: DECORATED
23:53:25.011 [FXGL Background Thread 3 ] DEBUG Engine               - supportedLanguages: [ENGLISH, FRENCH, GERMAN, HUNGARIAN, RUSSIAN]
23:53:25.011 [FXGL Background Thread 3 ] DEBUG Engine               - ticksPerSecond: -1
23:53:25.011 [FXGL Background Thread 3 ] DEBUG Engine               - title: test
23:53:25.011 [FXGL Background Thread 3 ] DEBUG Engine               - urlGithub: https://github.com/AlmasB/FXGL
23:53:25.011 [FXGL Background Thread 3 ] DEBUG Engine               - urlLeaderboard: http://fxgl-top.herokuapp.com/
23:53:25.011 [FXGL Background Thread 3 ] DEBUG Engine               - urlPOM: https://raw.githubusercontent.com/AlmasB/FXGL/release/README.md
23:53:25.011 [FXGL Background Thread 3 ] DEBUG Engine               - userAppClass: class Game
23:53:25.011 [FXGL Background Thread 3 ] DEBUG Engine               - version: 1.0
23:53:25.011 [FXGL Background Thread 3 ] DEBUG Engine               - versionCheckDays: 7
23:53:25.011 [FXGL Background Thread 3 ] DEBUG Engine               - width: 1000
23:53:25.011 [FXGL Background Thread 3 ] DEBUG Engine               - Logging services
23:53:25.011 [FXGL Background Thread 3 ] DEBUG Engine               - class com.almasb.fxgl.app.services.FXGLAssetLoaderService
23:53:25.011 [FXGL Background Thread 3 ] DEBUG Engine               - class com.almasb.fxgl.app.FXGLApplication$GameApplicationService
23:53:25.011 [FXGL Background Thread 3 ] DEBUG Engine               - class com.almasb.fxgl.app.services.FXGLDialogService
23:53:25.012 [FXGL Background Thread 3 ] DEBUG Engine               - class com.almasb.fxgl.app.services.IOTaskExecutorService
23:53:25.012 [FXGL Background Thread 3 ] DEBUG Engine               - class com.almasb.fxgl.event.EventBusService
23:53:25.012 [FXGL Background Thread 3 ] DEBUG Engine               - class com.almasb.fxgl.io.FileSystemService
23:53:25.012 [FXGL Background Thread 3 ] DEBUG Engine               - class com.almasb.fxgl.localization.LocalizationService
23:53:25.012 [FXGL Background Thread 3 ] DEBUG Engine               - class com.almasb.fxgl.app.services.SystemBundleService
23:53:25.012 [FXGL Background Thread 3 ] DEBUG Engine               - class com.almasb.fxgl.profile.SaveLoadService
23:53:25.012 [FXGL Background Thread 3 ] DEBUG Engine               - class com.almasb.fxgl.ui.FXGLUIFactoryServiceProvider
23:53:25.012 [FXGL Background Thread 3 ] DEBUG Engine               - class com.almasb.fxgl.ui.FXGLDialogFactoryServiceProvider
23:53:25.012 [FXGL Background Thread 3 ] DEBUG Engine               - class com.almasb.fxgl.audio.AudioPlayer
23:53:25.012 [FXGL Background Thread 3 ] DEBUG Engine               - class com.almasb.fxgl.notification.impl.NotificationServiceProvider
23:53:25.012 [FXGL Background Thread 3 ] DEBUG Engine               - class com.almasb.fxgl.achievement.AchievementService
23:53:25.012 [FXGL Background Thread 3 ] DEBUG Engine               - class com.almasb.fxgl.cutscene.CutsceneService
23:53:25.012 [FXGL Background Thread 3 ] DEBUG Engine               - class com.almasb.fxgl.minigames.MiniGameService
23:53:25.012 [FXGL Background Thread 3 ] DEBUG Engine               - class com.almasb.fxgl.net.NetService
23:53:25.012 [FXGL Background Thread 3 ] DEBUG Engine               - class com.almasb.fxgl.app.services.UpdaterService
23:53:25.012 [FXGL Background Thread 3 ] DEBUG Engine               - class com.almasb.fxgl.dev.DevService
23:53:28.357 [JavaFX Application Thread] DEBUG FXGLApplication      - Exiting FXGL
23:53:28.357 [JavaFX Application Thread] DEBUG LoopRunner           - Stopping loop
23:53:28.357 [JavaFX Application Thread] DEBUG SystemBundleService  - Saving FXGL system data
23:53:28.359 [JavaFX Application Thread] DEBUG FileSystemAccess     - Writing to: C:\Users\anmay\IdeaProjects\Canvas Fleet Project\system\fxgl.bundle
23:53:28.360 [JavaFX Application Thread] DEBUG Async                - Shutting down background threads
23:53:28.360 [JavaFX Application Thread] DEBUG PrimaryStageWindow   - Closing main window
23:53:28.368 [JavaFX Application Thread] DEBUG Logger               - Closing Logger
