10:21:55.552 [main                     ] DEBUG Logger               - Configured Logger
10:21:55.556 [main                     ] DEBUG GameApplication      - Logging settings
Title: test
Version: 1.0
Width: 1000
Height: 600
Fullscreen: false
Intro: false
Profiling: false
Single step:false
App Mode: DEVELOPER
Menu Key: ESCAPE
Stage Style: DECORATED
Scene Factory: class Game$1

10:21:55.786 [JavaFX Application Thread] DEBUG FXGLApplication      - Initializing FXGL
10:21:55.788 [JavaFX Application Thread] INFO  Engine               - FXGL-dev-SNAPSHOT (20.03.2021 10.32) on WINDOWS (J:14.0.2 FX:14.0.2.1)
10:21:55.788 [JavaFX Application Thread] DEBUG Engine               - JRE Vendor Name: Oracle Corporation
10:21:55.788 [JavaFX Application Thread] DEBUG Engine               - Running on OS: Windows 10 version 10.0
10:21:55.789 [JavaFX Application Thread] DEBUG Engine               - Architecture: amd64
10:21:55.789 [JavaFX Application Thread] INFO  Engine               - Source code and latest versions at: https://github.com/AlmasB/FXGL
10:21:55.789 [JavaFX Application Thread] INFO  Engine               -              Join the FXGL chat at: https://gitter.im/AlmasB/FXGL
10:21:55.876 [JavaFX Application Thread] DEBUG PrimaryStageWindow   - Creating a JavaFX scene
10:21:55.913 [JavaFX Application Thread] DEBUG PrimaryStageWindow   - Target settings size: 1000.0 x 600.0
10:21:55.913 [JavaFX Application Thread] DEBUG PrimaryStageWindow   - Scaled scene size:    1000.0 x 600.0
10:21:55.913 [JavaFX Application Thread] DEBUG PrimaryStageWindow   - Scaled ratio: (1.0, 1.0)
10:21:55.914 [JavaFX Application Thread] DEBUG PrimaryStageWindow   - Set initial scene to FXGLStartupScene
10:21:55.919 [JavaFX Application Thread] DEBUG PrimaryStageWindow   - Opening main window
10:21:55.984 [JavaFX Application Thread] DEBUG PrimaryStageWindow   - Window border size: (16.0, 39.0)
10:21:55.984 [JavaFX Application Thread] DEBUG PrimaryStageWindow   - Scaled size: 1000.0 x 600.0
10:21:55.985 [JavaFX Application Thread] DEBUG PrimaryStageWindow   - Scaled ratio: (1.0, 1.0)
10:21:55.985 [JavaFX Application Thread] DEBUG PrimaryStageWindow   - Scene size: 1000.0 x 600.0
10:21:55.985 [JavaFX Application Thread] DEBUG PrimaryStageWindow   - Stage size: 1016.0 x 639.0
10:21:55.991 [FXGL Background Thread 1 ] DEBUG Engine               - Initializing environment variables
10:21:56.019 [FXGL Background Thread 1 ] DEBUG FXGLAssetLoaderServi - User app class for loading assets: class Game
10:21:56.019 [FXGL Background Thread 1 ] DEBUG GameApplicationServi - Applying CSS: fxgl_dark.css
10:21:56.019 [FXGL Background Thread 1 ] DEBUG FXGLAssetLoaderServi - Loading from file system: jar:file:/C:/Users/anmay/.m2/repository/com/github/almasb/fxgl/dev-SNAPSHOT/fxgl-dev-20210320.103303-1712.jar!/fxglassets/ui/css/fxgl_dark.css
10:21:56.058 [FXGL Background Thread 1 ] DEBUG GameApplicationServi - Initializing application scenes
10:21:56.083 [FXGL Background Thread 1 ] DEBUG GameWorld            - Game world initialized
10:21:56.132 [FXGL Background Thread 1 ] DEBUG PhysicsWorld         - Physics world initialized: appHeight=600, physics.ppm=50.0
10:21:56.133 [FXGL Background Thread 1 ] DEBUG PhysicsWorld         - Using strategy: BRUTE_FORCE
10:21:56.134 [FXGL Background Thread 1 ] DEBUG GameScene            - Game scene initialized: 1000x600
10:21:56.317 [FXGL Background Thread 1 ] DEBUG FXGLAssetLoaderServi - Loading from file system: jar:file:/C:/Users/anmay/.m2/repository/com/github/almasb/fxgl/dev-SNAPSHOT/fxgl-dev-20210320.103303-1712.jar!/fxglassets/textures/particles/trace_horizontal.png
10:21:56.344 [FXGL Background Thread 1 ] DEBUG FXGL.DefaultMenu     - createMenuBodyGameMenu()
10:21:56.350 [FXGL Background Thread 1 ] DEBUG FXGL.DefaultMenu     - createOptionsMenu()
10:21:56.354 [FXGL Background Thread 1 ] DEBUG FXGLAssetLoaderServi - Loading from file system: jar:file:/C:/Users/anmay/.m2/repository/com/github/almasb/fxgl/dev-SNAPSHOT/fxgl-dev-20210320.103303-1712.jar!/fxglassets/textures/particles/smoke.png
10:21:56.397 [FXGL Background Thread 1 ] DEBUG GameApplicationServi - Application scenes initialized
10:21:56.403 [FXGL Background Thread 1 ] DEBUG SystemBundleService  - Loading FXGL system data
10:21:56.406 [FXGL Background Thread 1 ] DEBUG FileSystemAccess     - Reading from: C:\Users\anmay\IdeaProjects\Canvas Fleet Project\system\fxgl.bundle
10:21:56.411 [FXGL Background Thread 1 ] DEBUG SystemBundleService  - Bundle FXGL: {}
10:21:56.411 [FXGL Background Thread 1 ] DEBUG UpdaterService       - Checking for updates
10:21:56.428 [FXGL Background Thread 4 ] DEBUG FXGLApplication      - Loading fonts
10:21:56.428 [FXGL Background Thread 1 ] DEBUG FXGLApplication      - Loading default localization
10:21:56.429 [FXGL Background Thread 4 ] DEBUG FXGLAssetLoaderServi - Loading from file system: jar:file:/C:/Users/anmay/.m2/repository/com/github/almasb/fxgl/dev-SNAPSHOT/fxgl-dev-20210320.103303-1712.jar!/fxglassets/ui/fonts/VarelaRound-Regular.ttf
10:21:56.429 [FXGL Background Thread 1 ] DEBUG FXGLAssetLoaderServi - Loading from file system: jar:file:/C:/Users/anmay/.m2/repository/com/github/almasb/fxgl/dev-SNAPSHOT/fxgl-dev-20210320.103303-1712.jar!/fxglassets/languages/english.lang
10:21:56.441 [FXGL Background Thread 1 ] INFO  FXGLApplication      - FXGL initialization took: 0.450 sec
10:21:56.449 [JavaFX Application Thread] DEBUG Input                - Registered new binding: Up1 - W
10:21:56.450 [JavaFX Application Thread] DEBUG Input                - Registered new binding: Up2 - Up
10:21:56.450 [JavaFX Application Thread] DEBUG Input                - Registered new binding: Up3 - Numpad Up
10:21:56.450 [JavaFX Application Thread] DEBUG Input                - Registered new binding: Down1 - S
10:21:56.450 [JavaFX Application Thread] DEBUG Input                - Registered new binding: Down2 - Down
10:21:56.450 [JavaFX Application Thread] DEBUG Input                - Registered new binding: Down3 - Numpad Down
10:21:56.450 [JavaFX Application Thread] DEBUG Input                - Registered new binding: Left1 - A
10:21:56.450 [JavaFX Application Thread] DEBUG Input                - Registered new binding: Left2 - Left
10:21:56.450 [JavaFX Application Thread] DEBUG Input                - Registered new binding: Left3 - Numpad Left
10:21:56.451 [JavaFX Application Thread] DEBUG Input                - Registered new binding: Right1 - D
10:21:56.451 [JavaFX Application Thread] DEBUG Input                - Registered new binding: Right2 - Right
10:21:56.451 [JavaFX Application Thread] DEBUG Input                - Registered new binding: Right3 - Numpad Right
10:21:56.452 [JavaFX Application Thread] DEBUG Input                - Registered new binding: Shoot Mouse - LMB
10:21:56.452 [JavaFX Application Thread] DEBUG Input                - Registered new binding: Shoot Keypad - Insert
10:21:56.452 [JavaFX Application Thread] DEBUG FXGLAssetLoaderServi - Loading from file system: jar:file:/C:/Users/anmay/.m2/repository/com/github/almasb/fxgl/dev-SNAPSHOT/fxgl-dev-20210320.103303-1712.jar!/fxglassets/textures/fxgl_icon.png
10:21:56.463 [FXGL Background Thread 4 ] DEBUG FXGLAssetLoaderServi - Loading from file system: jar:file:/C:/Users/anmay/.m2/repository/com/github/almasb/fxgl/dev-SNAPSHOT/fxgl-dev-20210320.103303-1712.jar!/fxglassets/ui/fonts/Abel-Regular.ttf
10:21:56.464 [JavaFX Application Thread] DEBUG FXGLAssetLoaderServi - Loading from file system: jar:file:/C:/Users/anmay/.m2/repository/com/github/almasb/fxgl/dev-SNAPSHOT/fxgl-dev-20210320.103303-1712.jar!/fxglassets/ui/cursors/fxgl_default.png
10:21:56.465 [JavaFX Application Thread] DEBUG Input                - Registered new binding: Screenshot - P
10:21:56.465 [JavaFX Application Thread] DEBUG Input                - Registered new binding: Dev Options - 1
10:21:56.465 [JavaFX Application Thread] DEBUG Input                - Registered new binding: Dev Console - 2
10:21:56.466 [JavaFX Application Thread] DEBUG Input                - Registered new binding: System info dump - CTRL+9
10:21:56.466 [JavaFX Application Thread] DEBUG Input                - Registered new binding: Restart - CTRL+R
10:21:56.466 [JavaFX Application Thread] DEBUG Input                - Registered new binding: Toggle Debug Camera - CTRL+C
10:21:56.466 [FXGL Background Thread 4 ] DEBUG FXGLAssetLoaderServi - Loading from file system: jar:file:/C:/Users/anmay/.m2/repository/com/github/almasb/fxgl/dev-SNAPSHOT/fxgl-dev-20210320.103303-1712.jar!/fxglassets/ui/fonts/lucida_console.ttf
10:21:56.472 [JavaFX Application Thread] DEBUG LoopRunner           - Starting loop
10:21:56.478 [FXGL Background Thread 4 ] DEBUG FXGLAssetLoaderServi - Loading from file system: jar:file:/C:/Users/anmay/.m2/repository/com/github/almasb/fxgl/dev-SNAPSHOT/fxgl-dev-20210320.103303-1712.jar!/fxglassets/ui/fonts/Courier-Prime.ttf
10:21:56.486 [JavaFX Application Thread] DEBUG LoopRunner           - Initializing JavaFX AnimationTimerLoop
10:21:56.488 [JavaFX Application Thread] DEBUG Input                - Clearing active input actions
10:21:56.494 [JavaFX Application Thread] DEBUG GameApplicationServi - Removing overlay from FXGLStartupScene and adding to FXGLMainMenuDummyScene
10:21:56.497 [JavaFX Application Thread] DEBUG PrimaryStageWindow   - FXGLStartupScene -> FXGLMainMenuDummyScene
10:21:56.497 [JavaFX Application Thread] DEBUG PrimaryStageWindow   - Push state: MainMenu
10:21:56.497 [JavaFX Application Thread] DEBUG Input                - Clearing active input actions
10:21:56.507 [JavaFX Application Thread] DEBUG GameApplicationServi - Removing overlay from FXGLMainMenuDummyScene and adding to MainMenu
10:21:56.507 [JavaFX Application Thread] DEBUG PrimaryStageWindow   - FXGLMainMenuDummyScene -> MainMenu
10:21:56.510 [JavaFX Application Thread] DEBUG FXGLApplication      - Registering font factories with UI factory
10:21:56.815 [FXGL Background Thread 2 ] INFO  UpdaterService       - Your current version:  dev-SNAPSHOT
10:21:56.815 [FXGL Background Thread 2 ] INFO  UpdaterService       - Latest stable version: 11.15
10:21:58.720 [JavaFX Application Thread] DEBUG Menu                 - fireNewGame()
10:21:58.720 [JavaFX Application Thread] DEBUG GameApplicationServi - Starting new game
10:21:58.720 [JavaFX Application Thread] DEBUG PrimaryStageWindow   - Pop state: MainMenu
10:21:58.720 [JavaFX Application Thread] DEBUG Input                - Clearing active input actions
10:21:58.722 [JavaFX Application Thread] DEBUG GameApplicationServi - Removing overlay from MainMenu and adding to FXGLMainMenuDummyScene
10:21:58.722 [JavaFX Application Thread] DEBUG PrimaryStageWindow   - FXGLMainMenuDummyScene <- MainMenu
10:21:58.723 [JavaFX Application Thread] DEBUG Input                - Clearing active input actions
10:21:58.727 [JavaFX Application Thread] DEBUG GameApplicationServi - Removing overlay from FXGLMainMenuDummyScene and adding to FXGLLoadingScene
10:21:58.727 [JavaFX Application Thread] DEBUG PrimaryStageWindow   - FXGLMainMenuDummyScene -> FXGLLoadingScene
10:21:58.727 [JavaFX Application Thread] DEBUG GameApplicationServi - Clearing previous game
10:21:58.727 [JavaFX Application Thread] DEBUG GameScene            - Clearing game scene
10:21:58.727 [JavaFX Application Thread] DEBUG GameWorld            - Clearing game world
10:21:58.727 [JavaFX Application Thread] DEBUG PhysicsWorld         - Clearing physics world
10:21:58.728 [FXGL Background Thread 2 ] DEBUG FXGLApplication      - Initializing game
10:21:58.729 [FXGL Background Thread 2 ] DEBUG FXGLAssetLoaderServi - Loading from file system: file:/C:/Users/anmay/IdeaProjects/Canvas%20Fleet%20Project/target/classes/assets/music/bgm.mp3
10:21:58.804 [FXGL Background Thread 2 ] DEBUG AudioPlayer          - Playing music com.almasb.fxgl.audio.Music@420e3fb1
10:21:58.808 [FXGL Background Thread 2 ] DEBUG FXGLAssetLoaderServi - Loading from file system: file:/C:/Users/anmay/IdeaProjects/Canvas%20Fleet%20Project/target/classes/assets/textures/Gunboat.png
10:21:58.818 [FXGL Background Thread 2 ] DEBUG FXGLAssetLoaderServi - Loading from file system: file:/C:/Users/anmay/IdeaProjects/Canvas%20Fleet%20Project/target/classes/assets/textures/Turret.png
10:21:58.822 [FXGL Background Thread 2 ] WARN  GameWorld            - Entity is already attached to world
10:21:58.823 [FXGL Background Thread 2 ] WARN  GameWorld            - Entity is already attached to world
10:21:58.823 [FXGL Background Thread 2 ] DEBUG FXGLAssetLoaderServi - Loading from file system: file:/C:/Users/anmay/IdeaProjects/Canvas%20Fleet%20Project/target/classes/assets/textures/Destroyer.png
10:21:58.826 [FXGL Background Thread 2 ] WARN  GameWorld            - Entity is already attached to world
10:21:58.827 [FXGL Background Thread 2 ] WARN  GameWorld            - Entity is already attached to world
10:21:58.828 [FXGL Background Thread 2 ] WARN  GameWorld            - Entity is already attached to world
10:21:58.828 [FXGL Background Thread 2 ] WARN  GameWorld            - Entity is already attached to world
10:21:58.829 [FXGL Background Thread 2 ] WARN  GameWorld            - Entity is already attached to world
10:21:58.830 [FXGL Background Thread 2 ] WARN  GameWorld            - Entity is already attached to world
10:21:58.831 [FXGL Background Thread 2 ] WARN  GameWorld            - Entity is already attached to world
10:21:58.832 [FXGL Background Thread 2 ] WARN  GameWorld            - Entity is already attached to world
10:21:58.833 [FXGL Background Thread 2 ] WARN  GameWorld            - Entity is already attached to world
10:21:58.834 [FXGL Background Thread 2 ] WARN  GameWorld            - Entity is already attached to world
10:21:58.835 [FXGL Background Thread 2 ] WARN  GameWorld            - Entity is already attached to world
10:21:58.837 [FXGL Background Thread 2 ] WARN  GameWorld            - Entity is already attached to world
10:21:58.838 [FXGL Background Thread 2 ] DEBUG FXGLAssetLoaderServi - Loading from file system: file:/C:/Users/anmay/IdeaProjects/Canvas%20Fleet%20Project/target/classes/assets/textures/Carrier.png
10:21:58.841 [FXGL Background Thread 2 ] WARN  GameWorld            - Entity is already attached to world
10:21:58.843 [FXGL Background Thread 2 ] INFO  FXGLApplication      - Game initialization took: 0.115 sec
10:21:58.873 [JavaFX Application Thread] DEBUG Input                - Clearing active input actions
10:21:58.877 [JavaFX Application Thread] DEBUG GameApplicationServi - Removing overlay from FXGLLoadingScene and adding to GameScene
10:21:58.879 [JavaFX Application Thread] DEBUG PrimaryStageWindow   - FXGLLoadingScene -> GameScene
10:21:59.428 [FXGL Background Thread 3 ] DEBUG Engine               - Logging environment variables
10:21:59.428 [FXGL Background Thread 3 ] DEBUG Engine               - achievements: []
10:21:59.428 [FXGL Background Thread 3 ] DEBUG Engine               - actualHeight: 600.0
10:21:59.428 [FXGL Background Thread 3 ] DEBUG Engine               - actualHeightProperty: ReadOnlyDoubleProperty [value: 600.0]
10:21:59.428 [FXGL Background Thread 3 ] DEBUG Engine               - actualWidth: 1000.0
10:21:59.428 [FXGL Background Thread 3 ] DEBUG Engine               - actualWidthProperty: ReadOnlyDoubleProperty [value: 1000.0]
10:21:59.428 [FXGL Background Thread 3 ] DEBUG Engine               - appIcon: fxgl_icon.png
10:21:59.428 [FXGL Background Thread 3 ] DEBUG Engine               - applicationMode: DEVELOPER
10:21:59.428 [FXGL Background Thread 3 ] DEBUG Engine               - cSSList: [fxgl_dark.css]
10:21:59.428 [FXGL Background Thread 3 ] DEBUG Engine               - collisionDetectionStrategy: BRUTE_FORCE
10:21:59.428 [FXGL Background Thread 3 ] DEBUG Engine               - configClass: Optional.empty
10:21:59.429 [FXGL Background Thread 3 ] DEBUG Engine               - credits: []
10:21:59.429 [FXGL Background Thread 3 ] DEBUG Engine               - devBBoxColorProperty: ObjectProperty [value: 0xff0000ff]
10:21:59.429 [FXGL Background Thread 3 ] DEBUG Engine               - devEnableDebugCameraProperty: BooleanProperty [value: false]
10:21:59.429 [FXGL Background Thread 3 ] DEBUG Engine               - devSensorColorProperty: ObjectProperty [value: 0xffff00ff]
10:21:59.429 [FXGL Background Thread 3 ] DEBUG Engine               - devShowBBoxProperty: BooleanProperty [value: false]
10:21:59.429 [FXGL Background Thread 3 ] DEBUG Engine               - devShowPositionProperty: BooleanProperty [value: false]
10:21:59.429 [FXGL Background Thread 3 ] DEBUG Engine               - enabledMenuItems: []
10:21:59.429 [FXGL Background Thread 3 ] DEBUG Engine               - engineServices: [class com.almasb.fxgl.app.services.FXGLAssetLoaderService, class com.almasb.fxgl.app.FXGLApplication$GameApplicationService, class com.almasb.fxgl.app.services.FXGLDialogService, class com.almasb.fxgl.app.services.IOTaskExecutorService, class com.almasb.fxgl.event.EventBusService, class com.almasb.fxgl.io.FileSystemService, class com.almasb.fxgl.localization.LocalizationService, class com.almasb.fxgl.app.services.SystemBundleService, class com.almasb.fxgl.profile.SaveLoadService, class com.almasb.fxgl.ui.FXGLUIFactoryServiceProvider, class com.almasb.fxgl.ui.FXGLDialogFactoryServiceProvider, class com.almasb.fxgl.audio.AudioPlayer, class com.almasb.fxgl.notification.impl.NotificationServiceProvider, class com.almasb.fxgl.achievement.AchievementService, class com.almasb.fxgl.cutscene.CutsceneService, class com.almasb.fxgl.minigames.MiniGameService, class com.almasb.fxgl.net.NetService, class com.almasb.fxgl.app.services.UpdaterService, class com.almasb.fxgl.dev.DevService]
10:21:59.429 [FXGL Background Thread 3 ] DEBUG Engine               - fontGame: Abel-Regular.ttf
10:21:59.429 [FXGL Background Thread 3 ] DEBUG Engine               - fontMono: lucida_console.ttf
10:21:59.429 [FXGL Background Thread 3 ] DEBUG Engine               - fontText: Courier-Prime.ttf
10:21:59.429 [FXGL Background Thread 3 ] DEBUG Engine               - fontUI: VarelaRound-Regular.ttf
10:21:59.429 [FXGL Background Thread 3 ] DEBUG Engine               - fullScreen: BooleanProperty [value: false]
10:21:59.429 [FXGL Background Thread 3 ] DEBUG Engine               - gameDifficulty: MEDIUM
10:21:59.430 [FXGL Background Thread 3 ] DEBUG Engine               - gameDifficultyProperty: ObjectProperty [value: MEDIUM]
10:21:59.430 [FXGL Background Thread 3 ] DEBUG Engine               - globalMusicVolume: 0.5
10:21:59.430 [FXGL Background Thread 3 ] DEBUG Engine               - globalMusicVolumeProperty: DoubleProperty [value: 0.5]
10:21:59.430 [FXGL Background Thread 3 ] DEBUG Engine               - globalSoundVolume: 0.5
10:21:59.430 [FXGL Background Thread 3 ] DEBUG Engine               - globalSoundVolumeProperty: DoubleProperty [value: 0.1]
10:21:59.430 [FXGL Background Thread 3 ] DEBUG Engine               - height: 600
10:21:59.430 [FXGL Background Thread 3 ] DEBUG Engine               - isAndroid: false
10:21:59.430 [FXGL Background Thread 3 ] DEBUG Engine               - isBrowser: false
10:21:59.430 [FXGL Background Thread 3 ] DEBUG Engine               - isClickFeedbackEnabled: false
10:21:59.430 [FXGL Background Thread 3 ] DEBUG Engine               - isCloseConfirmation: false
10:21:59.430 [FXGL Background Thread 3 ] DEBUG Engine               - isDesktop: true
10:21:59.430 [FXGL Background Thread 3 ] DEBUG Engine               - isDeveloperMenuEnabled: true
10:21:59.430 [FXGL Background Thread 3 ] DEBUG Engine               - isEntityPreloadEnabled: true
10:21:59.430 [FXGL Background Thread 3 ] DEBUG Engine               - isExperimental3D: false
10:21:59.430 [FXGL Background Thread 3 ] DEBUG Engine               - isExperimentalNative: false
10:21:59.430 [FXGL Background Thread 3 ] DEBUG Engine               - isExperimentalTiledLargeMap: false
10:21:59.430 [FXGL Background Thread 3 ] DEBUG Engine               - isFileSystemWriteAllowed: true
10:21:59.430 [FXGL Background Thread 3 ] DEBUG Engine               - isFullScreenAllowed: false
10:21:59.430 [FXGL Background Thread 3 ] DEBUG Engine               - isFullScreenFromStart: false
10:21:59.431 [FXGL Background Thread 3 ] DEBUG Engine               - isGameMenuEnabled: true
10:21:59.431 [FXGL Background Thread 3 ] DEBUG Engine               - isIOS: false
10:21:59.431 [FXGL Background Thread 3 ] DEBUG Engine               - isIntroEnabled: false
10:21:59.431 [FXGL Background Thread 3 ] DEBUG Engine               - isLinux: false
10:21:59.431 [FXGL Background Thread 3 ] DEBUG Engine               - isMac: false
10:21:59.431 [FXGL Background Thread 3 ] DEBUG Engine               - isMainMenuEnabled: true
10:21:59.431 [FXGL Background Thread 3 ] DEBUG Engine               - isManualResizeEnabled: false
10:21:59.431 [FXGL Background Thread 3 ] DEBUG Engine               - isMobile: false
10:21:59.431 [FXGL Background Thread 3 ] DEBUG Engine               - isPreserveResizeRatio: false
10:21:59.431 [FXGL Background Thread 3 ] DEBUG Engine               - isProfilingEnabled: false
10:21:59.431 [FXGL Background Thread 3 ] DEBUG Engine               - isScaleAffectedOnResize: true
10:21:59.431 [FXGL Background Thread 3 ] DEBUG Engine               - isSingleStep: false
10:21:59.431 [FXGL Background Thread 3 ] DEBUG Engine               - isUserProfileEnabled: false
10:21:59.431 [FXGL Background Thread 3 ] DEBUG Engine               - isWindows: true
10:21:59.431 [FXGL Background Thread 3 ] DEBUG Engine               - language: ObjectProperty [value: ENGLISH]
10:21:59.431 [FXGL Background Thread 3 ] DEBUG Engine               - menuKey: ESCAPE
10:21:59.431 [FXGL Background Thread 3 ] DEBUG Engine               - notificationViewClass: class com.almasb.fxgl.notification.view.XboxNotificationView
10:21:59.431 [FXGL Background Thread 3 ] DEBUG Engine               - pixelsPerMeter: 50.0
10:21:59.431 [FXGL Background Thread 3 ] DEBUG Engine               - platform: WINDOWS
10:21:59.431 [FXGL Background Thread 3 ] DEBUG Engine               - prefHeightProperty: ReadOnlyDoubleProperty [value: 600.0]
10:21:59.431 [FXGL Background Thread 3 ] DEBUG Engine               - prefWidthProperty: ReadOnlyDoubleProperty [value: 1000.0]
10:21:59.432 [FXGL Background Thread 3 ] DEBUG Engine               - profileDir: profiles/
10:21:59.432 [FXGL Background Thread 3 ] DEBUG Engine               - profileName: StringProperty [value: DEFAULT]
10:21:59.432 [FXGL Background Thread 3 ] DEBUG Engine               - randomSeed: -1
10:21:59.432 [FXGL Background Thread 3 ] DEBUG Engine               - runtimeInfo: RuntimeInfo(platform=WINDOWS, version=dev-SNAPSHOT, build=20.03.2021 10.32)
10:21:59.432 [FXGL Background Thread 3 ] DEBUG Engine               - saveFileExt: sav
10:21:59.432 [FXGL Background Thread 3 ] DEBUG Engine               - scaledHeightProp$fxgl: DoubleProperty [bound, value: 600.0]
10:21:59.432 [FXGL Background Thread 3 ] DEBUG Engine               - scaledWidthProp$fxgl: DoubleProperty [bound, value: 1000.0]
10:21:59.432 [FXGL Background Thread 3 ] DEBUG Engine               - sceneFactory: Game$1@6f83a140
10:21:59.432 [FXGL Background Thread 3 ] DEBUG Engine               - secondsIn24h: 60
10:21:59.432 [FXGL Background Thread 3 ] DEBUG Engine               - soundMenuBack: menu/back.wav
10:21:59.432 [FXGL Background Thread 3 ] DEBUG Engine               - soundMenuPress: menu/press.wav
10:21:59.432 [FXGL Background Thread 3 ] DEBUG Engine               - soundMenuSelect: menu/select.wav
10:21:59.432 [FXGL Background Thread 3 ] DEBUG Engine               - soundNotification: core/notification.wav
10:21:59.432 [FXGL Background Thread 3 ] DEBUG Engine               - stageStyle: DECORATED
10:21:59.432 [FXGL Background Thread 3 ] DEBUG Engine               - supportedLanguages: [ENGLISH, FRENCH, GERMAN, HUNGARIAN, RUSSIAN]
10:21:59.432 [FXGL Background Thread 3 ] DEBUG Engine               - ticksPerSecond: -1
10:21:59.432 [FXGL Background Thread 3 ] DEBUG Engine               - title: test
10:21:59.432 [FXGL Background Thread 3 ] DEBUG Engine               - urlGithub: https://github.com/AlmasB/FXGL
10:21:59.432 [FXGL Background Thread 3 ] DEBUG Engine               - urlLeaderboard: http://fxgl-top.herokuapp.com/
10:21:59.432 [FXGL Background Thread 3 ] DEBUG Engine               - urlPOM: https://raw.githubusercontent.com/AlmasB/FXGL/release/README.md
10:21:59.432 [FXGL Background Thread 3 ] DEBUG Engine               - userAppClass: class Game
10:21:59.433 [FXGL Background Thread 3 ] DEBUG Engine               - version: 1.0
10:21:59.433 [FXGL Background Thread 3 ] DEBUG Engine               - versionCheckDays: 7
10:21:59.433 [FXGL Background Thread 3 ] DEBUG Engine               - width: 1000
10:21:59.433 [FXGL Background Thread 3 ] DEBUG Engine               - Logging services
10:21:59.433 [FXGL Background Thread 3 ] DEBUG Engine               - class com.almasb.fxgl.app.services.FXGLAssetLoaderService
10:21:59.433 [FXGL Background Thread 3 ] DEBUG Engine               - class com.almasb.fxgl.app.FXGLApplication$GameApplicationService
10:21:59.433 [FXGL Background Thread 3 ] DEBUG Engine               - class com.almasb.fxgl.app.services.FXGLDialogService
10:21:59.433 [FXGL Background Thread 3 ] DEBUG Engine               - class com.almasb.fxgl.app.services.IOTaskExecutorService
10:21:59.433 [FXGL Background Thread 3 ] DEBUG Engine               - class com.almasb.fxgl.event.EventBusService
10:21:59.433 [FXGL Background Thread 3 ] DEBUG Engine               - class com.almasb.fxgl.io.FileSystemService
10:21:59.433 [FXGL Background Thread 3 ] DEBUG Engine               - class com.almasb.fxgl.localization.LocalizationService
10:21:59.433 [FXGL Background Thread 3 ] DEBUG Engine               - class com.almasb.fxgl.app.services.SystemBundleService
10:21:59.433 [FXGL Background Thread 3 ] DEBUG Engine               - class com.almasb.fxgl.profile.SaveLoadService
10:21:59.433 [FXGL Background Thread 3 ] DEBUG Engine               - class com.almasb.fxgl.ui.FXGLUIFactoryServiceProvider
10:21:59.433 [FXGL Background Thread 3 ] DEBUG Engine               - class com.almasb.fxgl.ui.FXGLDialogFactoryServiceProvider
10:21:59.433 [FXGL Background Thread 3 ] DEBUG Engine               - class com.almasb.fxgl.audio.AudioPlayer
10:21:59.434 [FXGL Background Thread 3 ] DEBUG Engine               - class com.almasb.fxgl.notification.impl.NotificationServiceProvider
10:21:59.434 [FXGL Background Thread 3 ] DEBUG Engine               - class com.almasb.fxgl.achievement.AchievementService
10:21:59.434 [FXGL Background Thread 3 ] DEBUG Engine               - class com.almasb.fxgl.cutscene.CutsceneService
10:21:59.434 [FXGL Background Thread 3 ] DEBUG Engine               - class com.almasb.fxgl.minigames.MiniGameService
10:21:59.434 [FXGL Background Thread 3 ] DEBUG Engine               - class com.almasb.fxgl.net.NetService
10:21:59.434 [FXGL Background Thread 3 ] DEBUG Engine               - class com.almasb.fxgl.app.services.UpdaterService
10:21:59.434 [FXGL Background Thread 3 ] DEBUG Engine               - class com.almasb.fxgl.dev.DevService
10:22:08.073 [JavaFX Application Thread] DEBUG FXGLApplication      - Exiting FXGL
10:22:08.074 [JavaFX Application Thread] DEBUG LoopRunner           - Stopping loop
10:22:08.074 [JavaFX Application Thread] DEBUG SystemBundleService  - Saving FXGL system data
10:22:08.075 [JavaFX Application Thread] DEBUG FileSystemAccess     - Writing to: C:\Users\anmay\IdeaProjects\Canvas Fleet Project\system\fxgl.bundle
10:22:08.076 [JavaFX Application Thread] DEBUG Async                - Shutting down background threads
10:22:08.077 [JavaFX Application Thread] DEBUG PrimaryStageWindow   - Closing main window
10:22:08.085 [JavaFX Application Thread] DEBUG Logger               - Closing Logger
