23:42:12.252 [main                     ] DEBUG Logger               - Configured Logger
23:42:12.255 [main                     ] DEBUG GameApplication      - Logging settings
Title: test
Version: 1.0
Width: 1000
Height: 600
Fullscreen: false
Intro: false
Profiling: false
Single step:false
App Mode: DEVELOPER
Menu Key: ESCAPE
Stage Style: DECORATED
Scene Factory: class Game$1

23:42:12.495 [JavaFX Application Thread] DEBUG FXGLApplication      - Initializing FXGL
23:42:12.496 [JavaFX Application Thread] INFO  Engine               - FXGL-dev-SNAPSHOT (20.03.2021 10.32) on WINDOWS (J:14.0.2 FX:14.0.2.1)
23:42:12.497 [JavaFX Application Thread] DEBUG Engine               - JRE Vendor Name: Oracle Corporation
23:42:12.497 [JavaFX Application Thread] DEBUG Engine               - Running on OS: Windows 10 version 10.0
23:42:12.497 [JavaFX Application Thread] DEBUG Engine               - Architecture: amd64
23:42:12.497 [JavaFX Application Thread] INFO  Engine               - Source code and latest versions at: https://github.com/AlmasB/FXGL
23:42:12.497 [JavaFX Application Thread] INFO  Engine               -              Join the FXGL chat at: https://gitter.im/AlmasB/FXGL
23:42:12.583 [JavaFX Application Thread] DEBUG PrimaryStageWindow   - Creating a JavaFX scene
23:42:12.621 [JavaFX Application Thread] DEBUG PrimaryStageWindow   - Target settings size: 1000.0 x 600.0
23:42:12.622 [JavaFX Application Thread] DEBUG PrimaryStageWindow   - Scaled scene size:    1000.0 x 600.0
23:42:12.622 [JavaFX Application Thread] DEBUG PrimaryStageWindow   - Scaled ratio: (1.0, 1.0)
23:42:12.622 [JavaFX Application Thread] DEBUG PrimaryStageWindow   - Set initial scene to FXGLStartupScene
23:42:12.627 [JavaFX Application Thread] DEBUG PrimaryStageWindow   - Opening main window
23:42:12.692 [JavaFX Application Thread] DEBUG PrimaryStageWindow   - Window border size: (16.0, 39.0)
23:42:12.692 [JavaFX Application Thread] DEBUG PrimaryStageWindow   - Scaled size: 1000.0 x 600.0
23:42:12.692 [JavaFX Application Thread] DEBUG PrimaryStageWindow   - Scaled ratio: (1.0, 1.0)
23:42:12.692 [JavaFX Application Thread] DEBUG PrimaryStageWindow   - Scene size: 1000.0 x 600.0
23:42:12.692 [JavaFX Application Thread] DEBUG PrimaryStageWindow   - Stage size: 1016.0 x 639.0
23:42:12.698 [FXGL Background Thread 1 ] DEBUG Engine               - Initializing environment variables
23:42:12.723 [FXGL Background Thread 1 ] DEBUG FXGLAssetLoaderServi - User app class for loading assets: class Game
23:42:12.723 [FXGL Background Thread 1 ] DEBUG GameApplicationServi - Applying CSS: fxgl_dark.css
23:42:12.724 [FXGL Background Thread 1 ] DEBUG FXGLAssetLoaderServi - Loading from file system: jar:file:/C:/Users/anmay/.m2/repository/com/github/almasb/fxgl/dev-SNAPSHOT/fxgl-dev-20210320.103303-1712.jar!/fxglassets/ui/css/fxgl_dark.css
23:42:12.758 [FXGL Background Thread 1 ] DEBUG GameApplicationServi - Initializing application scenes
23:42:12.785 [FXGL Background Thread 1 ] DEBUG GameWorld            - Game world initialized
23:42:12.834 [FXGL Background Thread 1 ] DEBUG PhysicsWorld         - Physics world initialized: appHeight=600, physics.ppm=50.0
23:42:12.834 [FXGL Background Thread 1 ] DEBUG PhysicsWorld         - Using strategy: BRUTE_FORCE
23:42:12.836 [FXGL Background Thread 1 ] DEBUG GameScene            - Game scene initialized: 1000x600
23:42:13.013 [FXGL Background Thread 1 ] DEBUG FXGLAssetLoaderServi - Loading from file system: jar:file:/C:/Users/anmay/.m2/repository/com/github/almasb/fxgl/dev-SNAPSHOT/fxgl-dev-20210320.103303-1712.jar!/fxglassets/textures/particles/trace_horizontal.png
23:42:13.043 [FXGL Background Thread 1 ] DEBUG FXGL.DefaultMenu     - createMenuBodyGameMenu()
23:42:13.050 [FXGL Background Thread 1 ] DEBUG FXGL.DefaultMenu     - createOptionsMenu()
23:42:13.054 [FXGL Background Thread 1 ] DEBUG FXGLAssetLoaderServi - Loading from file system: jar:file:/C:/Users/anmay/.m2/repository/com/github/almasb/fxgl/dev-SNAPSHOT/fxgl-dev-20210320.103303-1712.jar!/fxglassets/textures/particles/smoke.png
23:42:13.090 [FXGL Background Thread 1 ] DEBUG GameApplicationServi - Application scenes initialized
23:42:13.098 [FXGL Background Thread 1 ] DEBUG SystemBundleService  - Loading FXGL system data
23:42:13.100 [FXGL Background Thread 1 ] DEBUG FileSystemAccess     - Reading from: C:\Users\anmay\IdeaProjects\Canvas Fleet Project\system\fxgl.bundle
23:42:13.104 [FXGL Background Thread 1 ] DEBUG SystemBundleService  - Bundle FXGL: {}
23:42:13.104 [FXGL Background Thread 1 ] DEBUG UpdaterService       - Checking for updates
23:42:13.121 [FXGL Background Thread 4 ] DEBUG FXGLApplication      - Loading fonts
23:42:13.121 [FXGL Background Thread 1 ] DEBUG FXGLApplication      - Loading default localization
23:42:13.122 [FXGL Background Thread 4 ] DEBUG FXGLAssetLoaderServi - Loading from file system: jar:file:/C:/Users/anmay/.m2/repository/com/github/almasb/fxgl/dev-SNAPSHOT/fxgl-dev-20210320.103303-1712.jar!/fxglassets/ui/fonts/VarelaRound-Regular.ttf
23:42:13.122 [FXGL Background Thread 1 ] DEBUG FXGLAssetLoaderServi - Loading from file system: jar:file:/C:/Users/anmay/.m2/repository/com/github/almasb/fxgl/dev-SNAPSHOT/fxgl-dev-20210320.103303-1712.jar!/fxglassets/languages/english.lang
23:42:13.134 [FXGL Background Thread 1 ] INFO  FXGLApplication      - FXGL initialization took: 0.437 sec
23:42:13.143 [JavaFX Application Thread] DEBUG Input                - Registered new binding: Up1 - W
23:42:13.143 [JavaFX Application Thread] DEBUG Input                - Registered new binding: Up2 - Up
23:42:13.143 [JavaFX Application Thread] DEBUG Input                - Registered new binding: Up3 - Numpad Up
23:42:13.143 [JavaFX Application Thread] DEBUG Input                - Registered new binding: Down1 - S
23:42:13.144 [JavaFX Application Thread] DEBUG Input                - Registered new binding: Down2 - Down
23:42:13.144 [JavaFX Application Thread] DEBUG Input                - Registered new binding: Down3 - Numpad Down
23:42:13.144 [JavaFX Application Thread] DEBUG Input                - Registered new binding: Left1 - A
23:42:13.144 [JavaFX Application Thread] DEBUG Input                - Registered new binding: Left2 - Left
23:42:13.144 [JavaFX Application Thread] DEBUG Input                - Registered new binding: Left3 - Numpad Left
23:42:13.144 [JavaFX Application Thread] DEBUG Input                - Registered new binding: Right1 - D
23:42:13.144 [JavaFX Application Thread] DEBUG Input                - Registered new binding: Right2 - Right
23:42:13.145 [JavaFX Application Thread] DEBUG Input                - Registered new binding: Right3 - Numpad Right
23:42:13.146 [JavaFX Application Thread] DEBUG Input                - Registered new binding: Shoot Mouse - LMB
23:42:13.146 [JavaFX Application Thread] DEBUG Input                - Registered new binding: Shoot Keypad - Insert
23:42:13.146 [JavaFX Application Thread] DEBUG FXGLAssetLoaderServi - Loading from file system: jar:file:/C:/Users/anmay/.m2/repository/com/github/almasb/fxgl/dev-SNAPSHOT/fxgl-dev-20210320.103303-1712.jar!/fxglassets/textures/fxgl_icon.png
23:42:13.158 [FXGL Background Thread 4 ] DEBUG FXGLAssetLoaderServi - Loading from file system: jar:file:/C:/Users/anmay/.m2/repository/com/github/almasb/fxgl/dev-SNAPSHOT/fxgl-dev-20210320.103303-1712.jar!/fxglassets/ui/fonts/Abel-Regular.ttf
23:42:13.161 [FXGL Background Thread 4 ] DEBUG FXGLAssetLoaderServi - Loading from file system: jar:file:/C:/Users/anmay/.m2/repository/com/github/almasb/fxgl/dev-SNAPSHOT/fxgl-dev-20210320.103303-1712.jar!/fxglassets/ui/fonts/lucida_console.ttf
23:42:13.162 [JavaFX Application Thread] DEBUG FXGLAssetLoaderServi - Loading from file system: jar:file:/C:/Users/anmay/.m2/repository/com/github/almasb/fxgl/dev-SNAPSHOT/fxgl-dev-20210320.103303-1712.jar!/fxglassets/ui/cursors/fxgl_default.png
23:42:13.163 [JavaFX Application Thread] DEBUG Input                - Registered new binding: Screenshot - P
23:42:13.164 [JavaFX Application Thread] DEBUG Input                - Registered new binding: Dev Options - 1
23:42:13.164 [JavaFX Application Thread] DEBUG Input                - Registered new binding: Dev Console - 2
23:42:13.164 [JavaFX Application Thread] DEBUG Input                - Registered new binding: System info dump - CTRL+9
23:42:13.165 [JavaFX Application Thread] DEBUG Input                - Registered new binding: Restart - CTRL+R
23:42:13.165 [JavaFX Application Thread] DEBUG Input                - Registered new binding: Toggle Debug Camera - CTRL+C
23:42:13.166 [FXGL Background Thread 4 ] DEBUG FXGLAssetLoaderServi - Loading from file system: jar:file:/C:/Users/anmay/.m2/repository/com/github/almasb/fxgl/dev-SNAPSHOT/fxgl-dev-20210320.103303-1712.jar!/fxglassets/ui/fonts/Courier-Prime.ttf
23:42:13.167 [JavaFX Application Thread] DEBUG LoopRunner           - Starting loop
23:42:13.186 [JavaFX Application Thread] DEBUG LoopRunner           - Initializing JavaFX AnimationTimerLoop
23:42:13.188 [JavaFX Application Thread] DEBUG Input                - Clearing active input actions
23:42:13.192 [JavaFX Application Thread] DEBUG GameApplicationServi - Removing overlay from FXGLStartupScene and adding to FXGLMainMenuDummyScene
23:42:13.195 [JavaFX Application Thread] DEBUG PrimaryStageWindow   - FXGLStartupScene -> FXGLMainMenuDummyScene
23:42:13.195 [JavaFX Application Thread] DEBUG PrimaryStageWindow   - Push state: MainMenu
23:42:13.195 [JavaFX Application Thread] DEBUG Input                - Clearing active input actions
23:42:13.206 [JavaFX Application Thread] DEBUG GameApplicationServi - Removing overlay from FXGLMainMenuDummyScene and adding to MainMenu
23:42:13.206 [JavaFX Application Thread] DEBUG PrimaryStageWindow   - FXGLMainMenuDummyScene -> MainMenu
23:42:13.206 [JavaFX Application Thread] DEBUG FXGLApplication      - Registering font factories with UI factory
23:42:13.562 [FXGL Background Thread 2 ] INFO  UpdaterService       - Your current version:  dev-SNAPSHOT
23:42:13.563 [FXGL Background Thread 2 ] INFO  UpdaterService       - Latest stable version: 11.15
23:42:16.121 [FXGL Background Thread 3 ] DEBUG Engine               - Logging environment variables
23:42:16.121 [FXGL Background Thread 3 ] DEBUG Engine               - achievements: []
23:42:16.121 [FXGL Background Thread 3 ] DEBUG Engine               - actualHeight: 600.0
23:42:16.121 [FXGL Background Thread 3 ] DEBUG Engine               - actualHeightProperty: ReadOnlyDoubleProperty [value: 600.0]
23:42:16.121 [FXGL Background Thread 3 ] DEBUG Engine               - actualWidth: 1000.0
23:42:16.121 [FXGL Background Thread 3 ] DEBUG Engine               - actualWidthProperty: ReadOnlyDoubleProperty [value: 1000.0]
23:42:16.121 [FXGL Background Thread 3 ] DEBUG Engine               - appIcon: fxgl_icon.png
23:42:16.121 [FXGL Background Thread 3 ] DEBUG Engine               - applicationMode: DEVELOPER
23:42:16.122 [FXGL Background Thread 3 ] DEBUG Engine               - cSSList: [fxgl_dark.css]
23:42:16.122 [FXGL Background Thread 3 ] DEBUG Engine               - collisionDetectionStrategy: BRUTE_FORCE
23:42:16.122 [FXGL Background Thread 3 ] DEBUG Engine               - configClass: Optional.empty
23:42:16.122 [FXGL Background Thread 3 ] DEBUG Engine               - credits: []
23:42:16.122 [FXGL Background Thread 3 ] DEBUG Engine               - devBBoxColorProperty: ObjectProperty [value: 0xff0000ff]
23:42:16.122 [FXGL Background Thread 3 ] DEBUG Engine               - devEnableDebugCameraProperty: BooleanProperty [value: false]
23:42:16.122 [FXGL Background Thread 3 ] DEBUG Engine               - devSensorColorProperty: ObjectProperty [value: 0xffff00ff]
23:42:16.122 [FXGL Background Thread 3 ] DEBUG Engine               - devShowBBoxProperty: BooleanProperty [value: false]
23:42:16.122 [FXGL Background Thread 3 ] DEBUG Engine               - devShowPositionProperty: BooleanProperty [value: false]
23:42:16.122 [FXGL Background Thread 3 ] DEBUG Engine               - enabledMenuItems: []
23:42:16.122 [FXGL Background Thread 3 ] DEBUG Engine               - engineServices: [class com.almasb.fxgl.app.services.FXGLAssetLoaderService, class com.almasb.fxgl.app.FXGLApplication$GameApplicationService, class com.almasb.fxgl.app.services.FXGLDialogService, class com.almasb.fxgl.app.services.IOTaskExecutorService, class com.almasb.fxgl.event.EventBusService, class com.almasb.fxgl.io.FileSystemService, class com.almasb.fxgl.localization.LocalizationService, class com.almasb.fxgl.app.services.SystemBundleService, class com.almasb.fxgl.profile.SaveLoadService, class com.almasb.fxgl.ui.FXGLUIFactoryServiceProvider, class com.almasb.fxgl.ui.FXGLDialogFactoryServiceProvider, class com.almasb.fxgl.audio.AudioPlayer, class com.almasb.fxgl.notification.impl.NotificationServiceProvider, class com.almasb.fxgl.achievement.AchievementService, class com.almasb.fxgl.cutscene.CutsceneService, class com.almasb.fxgl.minigames.MiniGameService, class com.almasb.fxgl.net.NetService, class com.almasb.fxgl.app.services.UpdaterService, class com.almasb.fxgl.dev.DevService]
23:42:16.122 [FXGL Background Thread 3 ] DEBUG Engine               - fontGame: Abel-Regular.ttf
23:42:16.122 [FXGL Background Thread 3 ] DEBUG Engine               - fontMono: lucida_console.ttf
23:42:16.122 [FXGL Background Thread 3 ] DEBUG Engine               - fontText: Courier-Prime.ttf
23:42:16.123 [FXGL Background Thread 3 ] DEBUG Engine               - fontUI: VarelaRound-Regular.ttf
23:42:16.123 [FXGL Background Thread 3 ] DEBUG Engine               - fullScreen: BooleanProperty [value: false]
23:42:16.123 [FXGL Background Thread 3 ] DEBUG Engine               - gameDifficulty: MEDIUM
23:42:16.123 [FXGL Background Thread 3 ] DEBUG Engine               - gameDifficultyProperty: ObjectProperty [value: MEDIUM]
23:42:16.123 [FXGL Background Thread 3 ] DEBUG Engine               - globalMusicVolume: 0.5
23:42:16.123 [FXGL Background Thread 3 ] DEBUG Engine               - globalMusicVolumeProperty: DoubleProperty [value: 0.5]
23:42:16.123 [FXGL Background Thread 3 ] DEBUG Engine               - globalSoundVolume: 0.5
23:42:16.123 [FXGL Background Thread 3 ] DEBUG Engine               - globalSoundVolumeProperty: DoubleProperty [value: 0.1]
23:42:16.123 [FXGL Background Thread 3 ] DEBUG Engine               - height: 600
23:42:16.123 [FXGL Background Thread 3 ] DEBUG Engine               - isAndroid: false
23:42:16.123 [FXGL Background Thread 3 ] DEBUG Engine               - isBrowser: false
23:42:16.123 [FXGL Background Thread 3 ] DEBUG Engine               - isClickFeedbackEnabled: false
23:42:16.123 [FXGL Background Thread 3 ] DEBUG Engine               - isCloseConfirmation: false
23:42:16.123 [FXGL Background Thread 3 ] DEBUG Engine               - isDesktop: true
23:42:16.123 [FXGL Background Thread 3 ] DEBUG Engine               - isDeveloperMenuEnabled: true
23:42:16.124 [FXGL Background Thread 3 ] DEBUG Engine               - isEntityPreloadEnabled: true
23:42:16.124 [FXGL Background Thread 3 ] DEBUG Engine               - isExperimental3D: false
23:42:16.124 [FXGL Background Thread 3 ] DEBUG Engine               - isExperimentalNative: false
23:42:16.124 [FXGL Background Thread 3 ] DEBUG Engine               - isExperimentalTiledLargeMap: false
23:42:16.124 [FXGL Background Thread 3 ] DEBUG Engine               - isFileSystemWriteAllowed: true
23:42:16.124 [FXGL Background Thread 3 ] DEBUG Engine               - isFullScreenAllowed: false
23:42:16.124 [FXGL Background Thread 3 ] DEBUG Engine               - isFullScreenFromStart: false
23:42:16.124 [FXGL Background Thread 3 ] DEBUG Engine               - isGameMenuEnabled: true
23:42:16.124 [FXGL Background Thread 3 ] DEBUG Engine               - isIOS: false
23:42:16.124 [FXGL Background Thread 3 ] DEBUG Engine               - isIntroEnabled: false
23:42:16.124 [FXGL Background Thread 3 ] DEBUG Engine               - isLinux: false
23:42:16.124 [FXGL Background Thread 3 ] DEBUG Engine               - isMac: false
23:42:16.124 [FXGL Background Thread 3 ] DEBUG Engine               - isMainMenuEnabled: true
23:42:16.124 [FXGL Background Thread 3 ] DEBUG Engine               - isManualResizeEnabled: false
23:42:16.124 [FXGL Background Thread 3 ] DEBUG Engine               - isMobile: false
23:42:16.124 [FXGL Background Thread 3 ] DEBUG Engine               - isPreserveResizeRatio: false
23:42:16.124 [FXGL Background Thread 3 ] DEBUG Engine               - isProfilingEnabled: false
23:42:16.125 [FXGL Background Thread 3 ] DEBUG Engine               - isScaleAffectedOnResize: true
23:42:16.125 [FXGL Background Thread 3 ] DEBUG Engine               - isSingleStep: false
23:42:16.125 [FXGL Background Thread 3 ] DEBUG Engine               - isUserProfileEnabled: false
23:42:16.125 [FXGL Background Thread 3 ] DEBUG Engine               - isWindows: true
23:42:16.125 [FXGL Background Thread 3 ] DEBUG Engine               - language: ObjectProperty [value: ENGLISH]
23:42:16.125 [FXGL Background Thread 3 ] DEBUG Engine               - menuKey: ESCAPE
23:42:16.125 [FXGL Background Thread 3 ] DEBUG Engine               - notificationViewClass: class com.almasb.fxgl.notification.view.XboxNotificationView
23:42:16.125 [FXGL Background Thread 3 ] DEBUG Engine               - pixelsPerMeter: 50.0
23:42:16.125 [FXGL Background Thread 3 ] DEBUG Engine               - platform: WINDOWS
23:42:16.125 [FXGL Background Thread 3 ] DEBUG Engine               - prefHeightProperty: ReadOnlyDoubleProperty [value: 600.0]
23:42:16.125 [FXGL Background Thread 3 ] DEBUG Engine               - prefWidthProperty: ReadOnlyDoubleProperty [value: 1000.0]
23:42:16.125 [FXGL Background Thread 3 ] DEBUG Engine               - profileDir: profiles/
23:42:16.125 [FXGL Background Thread 3 ] DEBUG Engine               - profileName: StringProperty [value: DEFAULT]
23:42:16.125 [FXGL Background Thread 3 ] DEBUG Engine               - randomSeed: -1
23:42:16.125 [FXGL Background Thread 3 ] DEBUG Engine               - runtimeInfo: RuntimeInfo(platform=WINDOWS, version=dev-SNAPSHOT, build=20.03.2021 10.32)
23:42:16.125 [FXGL Background Thread 3 ] DEBUG Engine               - saveFileExt: sav
23:42:16.126 [FXGL Background Thread 3 ] DEBUG Engine               - scaledHeightProp$fxgl: DoubleProperty [bound, value: 600.0]
23:42:16.126 [FXGL Background Thread 3 ] DEBUG Engine               - scaledWidthProp$fxgl: DoubleProperty [bound, value: 1000.0]
23:42:16.126 [FXGL Background Thread 3 ] DEBUG Engine               - sceneFactory: Game$1@27467484
23:42:16.126 [FXGL Background Thread 3 ] DEBUG Engine               - secondsIn24h: 60
23:42:16.126 [FXGL Background Thread 3 ] DEBUG Engine               - soundMenuBack: menu/back.wav
23:42:16.126 [FXGL Background Thread 3 ] DEBUG Engine               - soundMenuPress: menu/press.wav
23:42:16.126 [FXGL Background Thread 3 ] DEBUG Engine               - soundMenuSelect: menu/select.wav
23:42:16.126 [FXGL Background Thread 3 ] DEBUG Engine               - soundNotification: core/notification.wav
23:42:16.126 [FXGL Background Thread 3 ] DEBUG Engine               - stageStyle: DECORATED
23:42:16.126 [FXGL Background Thread 3 ] DEBUG Engine               - supportedLanguages: [ENGLISH, FRENCH, GERMAN, HUNGARIAN, RUSSIAN]
23:42:16.126 [FXGL Background Thread 3 ] DEBUG Engine               - ticksPerSecond: -1
23:42:16.126 [FXGL Background Thread 3 ] DEBUG Engine               - title: test
23:42:16.126 [FXGL Background Thread 3 ] DEBUG Engine               - urlGithub: https://github.com/AlmasB/FXGL
23:42:16.126 [FXGL Background Thread 3 ] DEBUG Engine               - urlLeaderboard: http://fxgl-top.herokuapp.com/
23:42:16.126 [FXGL Background Thread 3 ] DEBUG Engine               - urlPOM: https://raw.githubusercontent.com/AlmasB/FXGL/release/README.md
23:42:16.126 [FXGL Background Thread 3 ] DEBUG Engine               - userAppClass: class Game
23:42:16.126 [FXGL Background Thread 3 ] DEBUG Engine               - version: 1.0
23:42:16.126 [FXGL Background Thread 3 ] DEBUG Engine               - versionCheckDays: 7
23:42:16.126 [FXGL Background Thread 3 ] DEBUG Engine               - width: 1000
23:42:16.126 [FXGL Background Thread 3 ] DEBUG Engine               - Logging services
23:42:16.126 [FXGL Background Thread 3 ] DEBUG Engine               - class com.almasb.fxgl.app.services.FXGLAssetLoaderService
23:42:16.127 [FXGL Background Thread 3 ] DEBUG Engine               - class com.almasb.fxgl.app.FXGLApplication$GameApplicationService
23:42:16.127 [FXGL Background Thread 3 ] DEBUG Engine               - class com.almasb.fxgl.app.services.FXGLDialogService
23:42:16.127 [FXGL Background Thread 3 ] DEBUG Engine               - class com.almasb.fxgl.app.services.IOTaskExecutorService
23:42:16.127 [FXGL Background Thread 3 ] DEBUG Engine               - class com.almasb.fxgl.event.EventBusService
23:42:16.127 [FXGL Background Thread 3 ] DEBUG Engine               - class com.almasb.fxgl.io.FileSystemService
23:42:16.127 [FXGL Background Thread 3 ] DEBUG Engine               - class com.almasb.fxgl.localization.LocalizationService
23:42:16.127 [FXGL Background Thread 3 ] DEBUG Engine               - class com.almasb.fxgl.app.services.SystemBundleService
23:42:16.127 [FXGL Background Thread 3 ] DEBUG Engine               - class com.almasb.fxgl.profile.SaveLoadService
23:42:16.127 [FXGL Background Thread 3 ] DEBUG Engine               - class com.almasb.fxgl.ui.FXGLUIFactoryServiceProvider
23:42:16.127 [FXGL Background Thread 3 ] DEBUG Engine               - class com.almasb.fxgl.ui.FXGLDialogFactoryServiceProvider
23:42:16.127 [FXGL Background Thread 3 ] DEBUG Engine               - class com.almasb.fxgl.audio.AudioPlayer
23:42:16.127 [FXGL Background Thread 3 ] DEBUG Engine               - class com.almasb.fxgl.notification.impl.NotificationServiceProvider
23:42:16.127 [FXGL Background Thread 3 ] DEBUG Engine               - class com.almasb.fxgl.achievement.AchievementService
23:42:16.127 [FXGL Background Thread 3 ] DEBUG Engine               - class com.almasb.fxgl.cutscene.CutsceneService
23:42:16.127 [FXGL Background Thread 3 ] DEBUG Engine               - class com.almasb.fxgl.minigames.MiniGameService
23:42:16.127 [FXGL Background Thread 3 ] DEBUG Engine               - class com.almasb.fxgl.net.NetService
23:42:16.127 [FXGL Background Thread 3 ] DEBUG Engine               - class com.almasb.fxgl.app.services.UpdaterService
23:42:16.127 [FXGL Background Thread 3 ] DEBUG Engine               - class com.almasb.fxgl.dev.DevService
23:45:08.966 [JavaFX Application Thread] DEBUG Menu                 - fireExit()
23:45:08.968 [JavaFX Application Thread] DEBUG PrimaryStageWindow   - Push state: DialogSubScene
23:45:08.968 [JavaFX Application Thread] DEBUG Input                - Clearing active input actions
23:45:08.969 [JavaFX Application Thread] DEBUG GameApplicationServi - Removing overlay from MainMenu and adding to DialogSubScene
23:45:08.970 [JavaFX Application Thread] DEBUG PrimaryStageWindow   - MainMenu -> DialogSubScene
23:45:12.061 [JavaFX Application Thread] DEBUG PrimaryStageWindow   - Pop state: DialogSubScene
23:45:12.061 [JavaFX Application Thread] DEBUG Input                - Clearing active input actions
23:45:12.063 [JavaFX Application Thread] DEBUG GameApplicationServi - Removing overlay from DialogSubScene and adding to MainMenu
23:45:12.063 [JavaFX Application Thread] DEBUG PrimaryStageWindow   - MainMenu <- DialogSubScene
23:48:51.156 [JavaFX Application Thread] DEBUG Menu                 - fireNewGame()
23:48:51.156 [JavaFX Application Thread] DEBUG GameApplicationServi - Starting new game
23:48:51.156 [JavaFX Application Thread] DEBUG PrimaryStageWindow   - Pop state: MainMenu
23:48:51.156 [JavaFX Application Thread] DEBUG Input                - Clearing active input actions
23:48:51.157 [JavaFX Application Thread] DEBUG GameApplicationServi - Removing overlay from MainMenu and adding to FXGLMainMenuDummyScene
23:48:51.157 [JavaFX Application Thread] DEBUG PrimaryStageWindow   - FXGLMainMenuDummyScene <- MainMenu
23:48:51.157 [JavaFX Application Thread] DEBUG Input                - Clearing active input actions
23:48:51.161 [JavaFX Application Thread] DEBUG GameApplicationServi - Removing overlay from FXGLMainMenuDummyScene and adding to FXGLLoadingScene
23:48:51.161 [JavaFX Application Thread] DEBUG PrimaryStageWindow   - FXGLMainMenuDummyScene -> FXGLLoadingScene
23:48:51.161 [JavaFX Application Thread] DEBUG GameApplicationServi - Clearing previous game
23:48:51.161 [JavaFX Application Thread] DEBUG GameScene            - Clearing game scene
23:48:51.161 [JavaFX Application Thread] DEBUG GameWorld            - Clearing game world
23:48:51.162 [JavaFX Application Thread] DEBUG PhysicsWorld         - Clearing physics world
23:48:51.163 [FXGL Background Thread 5 ] DEBUG FXGLApplication      - Initializing game
23:48:51.164 [FXGL Background Thread 5 ] DEBUG FXGLAssetLoaderServi - Loading from file system: file:/C:/Users/anmay/IdeaProjects/Canvas%20Fleet%20Project/target/classes/assets/music/bgm.mp3
23:48:51.242 [FXGL Background Thread 5 ] DEBUG AudioPlayer          - Playing music com.almasb.fxgl.audio.Music@59fc593d
23:48:51.247 [FXGL Background Thread 5 ] DEBUG FXGLAssetLoaderServi - Loading from file system: file:/C:/Users/anmay/IdeaProjects/Canvas%20Fleet%20Project/target/classes/assets/textures/Gunboat.png
23:48:51.254 [FXGL Background Thread 5 ] DEBUG FXGLAssetLoaderServi - Loading from file system: file:/C:/Users/anmay/IdeaProjects/Canvas%20Fleet%20Project/target/classes/assets/textures/Turret.png
23:48:51.258 [FXGL Background Thread 5 ] WARN  GameWorld            - Entity is already attached to world
23:48:51.259 [FXGL Background Thread 5 ] WARN  GameWorld            - Entity is already attached to world
23:48:51.259 [FXGL Background Thread 5 ] DEBUG FXGLAssetLoaderServi - Loading from file system: file:/C:/Users/anmay/IdeaProjects/Canvas%20Fleet%20Project/target/classes/assets/textures/Destroyer.png
23:48:51.262 [FXGL Background Thread 5 ] WARN  GameWorld            - Entity is already attached to world
23:48:51.264 [FXGL Background Thread 5 ] WARN  GameWorld            - Entity is already attached to world
23:48:51.264 [FXGL Background Thread 5 ] WARN  GameWorld            - Entity is already attached to world
23:48:51.265 [FXGL Background Thread 5 ] WARN  GameWorld            - Entity is already attached to world
23:48:51.266 [FXGL Background Thread 5 ] WARN  GameWorld            - Entity is already attached to world
23:48:51.266 [FXGL Background Thread 5 ] WARN  GameWorld            - Entity is already attached to world
23:48:51.268 [FXGL Background Thread 5 ] WARN  GameWorld            - Entity is already attached to world
23:48:51.269 [FXGL Background Thread 5 ] WARN  GameWorld            - Entity is already attached to world
23:48:51.269 [FXGL Background Thread 5 ] WARN  GameWorld            - Entity is already attached to world
23:48:51.270 [FXGL Background Thread 5 ] WARN  GameWorld            - Entity is already attached to world
23:48:51.271 [FXGL Background Thread 5 ] WARN  GameWorld            - Entity is already attached to world
23:48:51.271 [FXGL Background Thread 5 ] WARN  GameWorld            - Entity is already attached to world
23:48:51.272 [FXGL Background Thread 5 ] DEBUG FXGLAssetLoaderServi - Loading from file system: file:/C:/Users/anmay/IdeaProjects/Canvas%20Fleet%20Project/target/classes/assets/textures/Carrier.png
23:48:51.275 [FXGL Background Thread 5 ] WARN  GameWorld            - Entity is already attached to world
23:48:51.276 [FXGL Background Thread 5 ] WARN  GameWorld            - Entity is already attached to world
23:48:51.277 [FXGL Background Thread 5 ] WARN  GameWorld            - Entity is already attached to world
23:48:51.278 [FXGL Background Thread 5 ] WARN  GameWorld            - Entity is already attached to world
23:48:51.278 [FXGL Background Thread 5 ] WARN  GameWorld            - Entity is already attached to world
23:48:51.279 [FXGL Background Thread 5 ] DEBUG FXGLAssetLoaderServi - Loading from file system: file:/C:/Users/anmay/IdeaProjects/Canvas%20Fleet%20Project/target/classes/assets/textures/Plane.png
23:48:51.280 [FXGL Background Thread 5 ] WARN  GameWorld            - Entity is already attached to world
23:48:51.281 [FXGL Background Thread 5 ] WARN  GameWorld            - Entity is already attached to world
23:48:51.283 [FXGL Background Thread 5 ] INFO  FXGLApplication      - Game initialization took: 0.120 sec
23:48:51.285 [JavaFX Application Thread] DEBUG Input                - Clearing active input actions
23:48:51.289 [JavaFX Application Thread] DEBUG GameApplicationServi - Removing overlay from FXGLLoadingScene and adding to GameScene
23:48:51.290 [JavaFX Application Thread] DEBUG PrimaryStageWindow   - FXGLLoadingScene -> GameScene
23:48:54.277 [JavaFX Application Thread] DEBUG FXGLAssetLoaderServi - Loading from file system: file:/C:/Users/anmay/IdeaProjects/Canvas%20Fleet%20Project/target/classes/assets/sounds/cannon.wav
23:48:54.284 [JavaFX Application Thread] DEBUG FXGLAssetLoaderServi - Loading from file system: file:/C:/Users/anmay/IdeaProjects/Canvas%20Fleet%20Project/target/classes/assets/textures/Bullet.png
23:48:56.262 [JavaFX Application Thread] DEBUG FXGLAssetLoaderServi - Loading from file system: file:/C:/Users/anmay/IdeaProjects/Canvas%20Fleet%20Project/target/classes/assets/textures/explosion.png
23:50:54.454 [JavaFX Application Thread] DEBUG FXGLApplication      - Exiting FXGL
23:50:54.454 [JavaFX Application Thread] DEBUG LoopRunner           - Stopping loop
23:50:54.454 [JavaFX Application Thread] DEBUG SystemBundleService  - Saving FXGL system data
23:50:54.456 [JavaFX Application Thread] DEBUG FileSystemAccess     - Writing to: C:\Users\anmay\IdeaProjects\Canvas Fleet Project\system\fxgl.bundle
23:50:54.457 [JavaFX Application Thread] DEBUG Async                - Shutting down background threads
23:50:54.457 [JavaFX Application Thread] DEBUG PrimaryStageWindow   - Closing main window
23:50:54.467 [JavaFX Application Thread] DEBUG Logger               - Closing Logger
