23:17:12.246 [main                     ] DEBUG Logger               - Configured Logger
23:17:12.251 [main                     ] DEBUG GameApplication      - Logging settings
Title: test
Version: 1.0
Width: 1000
Height: 600
Fullscreen: false
Intro: false
Profiling: false
Single step:false
App Mode: DEVELOPER
Menu Key: ESCAPE
Stage Style: DECORATED
Scene Factory: class Game$1

23:17:12.520 [JavaFX Application Thread] DEBUG FXGLApplication      - Initializing FXGL
23:17:12.522 [JavaFX Application Thread] INFO  Engine               - FXGL-dev-SNAPSHOT (20.03.2021 10.32) on WINDOWS (J:14.0.2 FX:14.0.2.1)
23:17:12.522 [JavaFX Application Thread] DEBUG Engine               - JRE Vendor Name: Oracle Corporation
23:17:12.522 [JavaFX Application Thread] DEBUG Engine               - Running on OS: Windows 10 version 10.0
23:17:12.522 [JavaFX Application Thread] DEBUG Engine               - Architecture: amd64
23:17:12.522 [JavaFX Application Thread] INFO  Engine               - Source code and latest versions at: https://github.com/AlmasB/FXGL
23:17:12.523 [JavaFX Application Thread] INFO  Engine               -              Join the FXGL chat at: https://gitter.im/AlmasB/FXGL
23:17:12.617 [JavaFX Application Thread] DEBUG PrimaryStageWindow   - Creating a JavaFX scene
23:17:12.658 [JavaFX Application Thread] DEBUG PrimaryStageWindow   - Target settings size: 1000.0 x 600.0
23:17:12.658 [JavaFX Application Thread] DEBUG PrimaryStageWindow   - Scaled scene size:    1000.0 x 600.0
23:17:12.658 [JavaFX Application Thread] DEBUG PrimaryStageWindow   - Scaled ratio: (1.0, 1.0)
23:17:12.659 [JavaFX Application Thread] DEBUG PrimaryStageWindow   - Set initial scene to FXGLStartupScene
23:17:12.665 [JavaFX Application Thread] DEBUG PrimaryStageWindow   - Opening main window
23:17:12.742 [JavaFX Application Thread] DEBUG PrimaryStageWindow   - Window border size: (16.0, 39.0)
23:17:12.742 [JavaFX Application Thread] DEBUG PrimaryStageWindow   - Scaled size: 1000.0 x 600.0
23:17:12.742 [JavaFX Application Thread] DEBUG PrimaryStageWindow   - Scaled ratio: (1.0, 1.0)
23:17:12.742 [JavaFX Application Thread] DEBUG PrimaryStageWindow   - Scene size: 1000.0 x 600.0
23:17:12.742 [JavaFX Application Thread] DEBUG PrimaryStageWindow   - Stage size: 1016.0 x 639.0
23:17:12.748 [FXGL Background Thread 1 ] DEBUG Engine               - Initializing environment variables
23:17:12.777 [FXGL Background Thread 1 ] DEBUG FXGLAssetLoaderServi - User app class for loading assets: class Game
23:17:12.778 [FXGL Background Thread 1 ] DEBUG GameApplicationServi - Applying CSS: fxgl_dark.css
23:17:12.779 [FXGL Background Thread 1 ] DEBUG FXGLAssetLoaderServi - Loading from file system: jar:file:/C:/Users/anmay/.m2/repository/com/github/almasb/fxgl/dev-SNAPSHOT/fxgl-dev-20210320.103303-1712.jar!/fxglassets/ui/css/fxgl_dark.css
23:17:12.815 [FXGL Background Thread 1 ] DEBUG GameApplicationServi - Initializing application scenes
23:17:12.842 [FXGL Background Thread 1 ] DEBUG GameWorld            - Game world initialized
23:17:12.889 [FXGL Background Thread 1 ] DEBUG PhysicsWorld         - Physics world initialized: appHeight=600, physics.ppm=50.0
23:17:12.889 [FXGL Background Thread 1 ] DEBUG PhysicsWorld         - Using strategy: BRUTE_FORCE
23:17:12.891 [FXGL Background Thread 1 ] DEBUG GameScene            - Game scene initialized: 1000x600
23:17:13.073 [FXGL Background Thread 1 ] DEBUG FXGLAssetLoaderServi - Loading from file system: jar:file:/C:/Users/anmay/.m2/repository/com/github/almasb/fxgl/dev-SNAPSHOT/fxgl-dev-20210320.103303-1712.jar!/fxglassets/textures/particles/trace_horizontal.png
23:17:13.102 [FXGL Background Thread 1 ] DEBUG FXGL.DefaultMenu     - createMenuBodyGameMenu()
23:17:13.108 [FXGL Background Thread 1 ] DEBUG FXGL.DefaultMenu     - createOptionsMenu()
23:17:13.112 [FXGL Background Thread 1 ] DEBUG FXGLAssetLoaderServi - Loading from file system: jar:file:/C:/Users/anmay/.m2/repository/com/github/almasb/fxgl/dev-SNAPSHOT/fxgl-dev-20210320.103303-1712.jar!/fxglassets/textures/particles/smoke.png
23:17:13.151 [FXGL Background Thread 1 ] DEBUG GameApplicationServi - Application scenes initialized
23:17:13.160 [FXGL Background Thread 1 ] DEBUG SystemBundleService  - Loading FXGL system data
23:17:13.162 [FXGL Background Thread 1 ] DEBUG FileSystemAccess     - Reading from: C:\Users\anmay\IdeaProjects\Canvas Fleet Project\system\fxgl.bundle
23:17:13.167 [FXGL Background Thread 1 ] DEBUG SystemBundleService  - Bundle FXGL: {}
23:17:13.167 [FXGL Background Thread 1 ] DEBUG UpdaterService       - Checking for updates
23:17:13.187 [FXGL Background Thread 4 ] DEBUG FXGLApplication      - Loading fonts
23:17:13.187 [FXGL Background Thread 1 ] DEBUG FXGLApplication      - Loading default localization
23:17:13.187 [FXGL Background Thread 4 ] DEBUG FXGLAssetLoaderServi - Loading from file system: jar:file:/C:/Users/anmay/.m2/repository/com/github/almasb/fxgl/dev-SNAPSHOT/fxgl-dev-20210320.103303-1712.jar!/fxglassets/ui/fonts/VarelaRound-Regular.ttf
23:17:13.188 [FXGL Background Thread 1 ] DEBUG FXGLAssetLoaderServi - Loading from file system: jar:file:/C:/Users/anmay/.m2/repository/com/github/almasb/fxgl/dev-SNAPSHOT/fxgl-dev-20210320.103303-1712.jar!/fxglassets/languages/english.lang
23:17:13.200 [FXGL Background Thread 1 ] INFO  FXGLApplication      - FXGL initialization took: 0.452 sec
23:17:13.210 [JavaFX Application Thread] DEBUG Input                - Registered new binding: Up1 - W
23:17:13.210 [JavaFX Application Thread] DEBUG Input                - Registered new binding: Up2 - Up
23:17:13.210 [JavaFX Application Thread] DEBUG Input                - Registered new binding: Up3 - Numpad Up
23:17:13.210 [JavaFX Application Thread] DEBUG Input                - Registered new binding: Down1 - S
23:17:13.210 [JavaFX Application Thread] DEBUG Input                - Registered new binding: Down2 - Down
23:17:13.210 [JavaFX Application Thread] DEBUG Input                - Registered new binding: Down3 - Numpad Down
23:17:13.211 [JavaFX Application Thread] DEBUG Input                - Registered new binding: Left1 - A
23:17:13.211 [JavaFX Application Thread] DEBUG Input                - Registered new binding: Left2 - Left
23:17:13.211 [JavaFX Application Thread] DEBUG Input                - Registered new binding: Left3 - Numpad Left
23:17:13.211 [JavaFX Application Thread] DEBUG Input                - Registered new binding: Right1 - D
23:17:13.211 [JavaFX Application Thread] DEBUG Input                - Registered new binding: Right2 - Right
23:17:13.211 [JavaFX Application Thread] DEBUG Input                - Registered new binding: Right3 - Numpad Right
23:17:13.213 [JavaFX Application Thread] DEBUG Input                - Registered new binding: Shoot Mouse - LMB
23:17:13.213 [JavaFX Application Thread] DEBUG Input                - Registered new binding: Shoot Keypad - Insert
23:17:13.213 [JavaFX Application Thread] DEBUG FXGLAssetLoaderServi - Loading from file system: jar:file:/C:/Users/anmay/.m2/repository/com/github/almasb/fxgl/dev-SNAPSHOT/fxgl-dev-20210320.103303-1712.jar!/fxglassets/textures/fxgl_icon.png
23:17:13.226 [FXGL Background Thread 4 ] DEBUG FXGLAssetLoaderServi - Loading from file system: jar:file:/C:/Users/anmay/.m2/repository/com/github/almasb/fxgl/dev-SNAPSHOT/fxgl-dev-20210320.103303-1712.jar!/fxglassets/ui/fonts/Abel-Regular.ttf
23:17:13.228 [JavaFX Application Thread] DEBUG FXGLAssetLoaderServi - Loading from file system: jar:file:/C:/Users/anmay/.m2/repository/com/github/almasb/fxgl/dev-SNAPSHOT/fxgl-dev-20210320.103303-1712.jar!/fxglassets/ui/cursors/fxgl_default.png
23:17:13.230 [FXGL Background Thread 4 ] DEBUG FXGLAssetLoaderServi - Loading from file system: jar:file:/C:/Users/anmay/.m2/repository/com/github/almasb/fxgl/dev-SNAPSHOT/fxgl-dev-20210320.103303-1712.jar!/fxglassets/ui/fonts/lucida_console.ttf
23:17:13.231 [JavaFX Application Thread] DEBUG Input                - Registered new binding: Screenshot - P
23:17:13.231 [JavaFX Application Thread] DEBUG Input                - Registered new binding: Dev Options - 1
23:17:13.231 [JavaFX Application Thread] DEBUG Input                - Registered new binding: Dev Console - 2
23:17:13.232 [JavaFX Application Thread] DEBUG Input                - Registered new binding: System info dump - CTRL+9
23:17:13.232 [JavaFX Application Thread] DEBUG Input                - Registered new binding: Restart - CTRL+R
23:17:13.232 [JavaFX Application Thread] DEBUG Input                - Registered new binding: Toggle Debug Camera - CTRL+C
23:17:13.234 [FXGL Background Thread 4 ] DEBUG FXGLAssetLoaderServi - Loading from file system: jar:file:/C:/Users/anmay/.m2/repository/com/github/almasb/fxgl/dev-SNAPSHOT/fxgl-dev-20210320.103303-1712.jar!/fxglassets/ui/fonts/Courier-Prime.ttf
23:17:13.235 [JavaFX Application Thread] DEBUG LoopRunner           - Starting loop
23:17:13.255 [JavaFX Application Thread] DEBUG LoopRunner           - Initializing JavaFX AnimationTimerLoop
23:17:13.257 [JavaFX Application Thread] DEBUG Input                - Clearing active input actions
23:17:13.263 [JavaFX Application Thread] DEBUG GameApplicationServi - Removing overlay from FXGLStartupScene and adding to FXGLMainMenuDummyScene
23:17:13.267 [JavaFX Application Thread] DEBUG PrimaryStageWindow   - FXGLStartupScene -> FXGLMainMenuDummyScene
23:17:13.267 [JavaFX Application Thread] DEBUG PrimaryStageWindow   - Push state: MainMenu
23:17:13.267 [JavaFX Application Thread] DEBUG Input                - Clearing active input actions
23:17:13.280 [JavaFX Application Thread] DEBUG GameApplicationServi - Removing overlay from FXGLMainMenuDummyScene and adding to MainMenu
23:17:13.280 [JavaFX Application Thread] DEBUG PrimaryStageWindow   - FXGLMainMenuDummyScene -> MainMenu
23:17:13.281 [JavaFX Application Thread] DEBUG FXGLApplication      - Registering font factories with UI factory
23:17:13.622 [FXGL Background Thread 2 ] INFO  UpdaterService       - Your current version:  dev-SNAPSHOT
23:17:13.623 [FXGL Background Thread 2 ] INFO  UpdaterService       - Latest stable version: 11.15
23:17:16.186 [FXGL Background Thread 3 ] DEBUG Engine               - Logging environment variables
23:17:16.186 [FXGL Background Thread 3 ] DEBUG Engine               - achievements: []
23:17:16.186 [FXGL Background Thread 3 ] DEBUG Engine               - actualHeight: 600.0
23:17:16.186 [FXGL Background Thread 3 ] DEBUG Engine               - actualHeightProperty: ReadOnlyDoubleProperty [value: 600.0]
23:17:16.186 [FXGL Background Thread 3 ] DEBUG Engine               - actualWidth: 1000.0
23:17:16.186 [FXGL Background Thread 3 ] DEBUG Engine               - actualWidthProperty: ReadOnlyDoubleProperty [value: 1000.0]
23:17:16.186 [FXGL Background Thread 3 ] DEBUG Engine               - appIcon: fxgl_icon.png
23:17:16.186 [FXGL Background Thread 3 ] DEBUG Engine               - applicationMode: DEVELOPER
23:17:16.186 [FXGL Background Thread 3 ] DEBUG Engine               - cSSList: [fxgl_dark.css]
23:17:16.187 [FXGL Background Thread 3 ] DEBUG Engine               - collisionDetectionStrategy: BRUTE_FORCE
23:17:16.187 [FXGL Background Thread 3 ] DEBUG Engine               - configClass: Optional.empty
23:17:16.187 [FXGL Background Thread 3 ] DEBUG Engine               - credits: []
23:17:16.187 [FXGL Background Thread 3 ] DEBUG Engine               - devBBoxColorProperty: ObjectProperty [value: 0xff0000ff]
23:17:16.187 [FXGL Background Thread 3 ] DEBUG Engine               - devEnableDebugCameraProperty: BooleanProperty [value: false]
23:17:16.187 [FXGL Background Thread 3 ] DEBUG Engine               - devSensorColorProperty: ObjectProperty [value: 0xffff00ff]
23:17:16.187 [FXGL Background Thread 3 ] DEBUG Engine               - devShowBBoxProperty: BooleanProperty [value: false]
23:17:16.187 [FXGL Background Thread 3 ] DEBUG Engine               - devShowPositionProperty: BooleanProperty [value: false]
23:17:16.187 [FXGL Background Thread 3 ] DEBUG Engine               - enabledMenuItems: []
23:17:16.187 [FXGL Background Thread 3 ] DEBUG Engine               - engineServices: [class com.almasb.fxgl.app.services.FXGLAssetLoaderService, class com.almasb.fxgl.app.FXGLApplication$GameApplicationService, class com.almasb.fxgl.app.services.FXGLDialogService, class com.almasb.fxgl.app.services.IOTaskExecutorService, class com.almasb.fxgl.event.EventBusService, class com.almasb.fxgl.io.FileSystemService, class com.almasb.fxgl.localization.LocalizationService, class com.almasb.fxgl.app.services.SystemBundleService, class com.almasb.fxgl.profile.SaveLoadService, class com.almasb.fxgl.ui.FXGLUIFactoryServiceProvider, class com.almasb.fxgl.ui.FXGLDialogFactoryServiceProvider, class com.almasb.fxgl.audio.AudioPlayer, class com.almasb.fxgl.notification.impl.NotificationServiceProvider, class com.almasb.fxgl.achievement.AchievementService, class com.almasb.fxgl.cutscene.CutsceneService, class com.almasb.fxgl.minigames.MiniGameService, class com.almasb.fxgl.net.NetService, class com.almasb.fxgl.app.services.UpdaterService, class com.almasb.fxgl.dev.DevService]
23:17:16.187 [FXGL Background Thread 3 ] DEBUG Engine               - fontGame: Abel-Regular.ttf
23:17:16.187 [FXGL Background Thread 3 ] DEBUG Engine               - fontMono: lucida_console.ttf
23:17:16.187 [FXGL Background Thread 3 ] DEBUG Engine               - fontText: Courier-Prime.ttf
23:17:16.187 [FXGL Background Thread 3 ] DEBUG Engine               - fontUI: VarelaRound-Regular.ttf
23:17:16.188 [FXGL Background Thread 3 ] DEBUG Engine               - fullScreen: BooleanProperty [value: false]
23:17:16.188 [FXGL Background Thread 3 ] DEBUG Engine               - gameDifficulty: MEDIUM
23:17:16.188 [FXGL Background Thread 3 ] DEBUG Engine               - gameDifficultyProperty: ObjectProperty [value: MEDIUM]
23:17:16.188 [FXGL Background Thread 3 ] DEBUG Engine               - globalMusicVolume: 0.5
23:17:16.188 [FXGL Background Thread 3 ] DEBUG Engine               - globalMusicVolumeProperty: DoubleProperty [value: 0.5]
23:17:16.188 [FXGL Background Thread 3 ] DEBUG Engine               - globalSoundVolume: 0.5
23:17:16.188 [FXGL Background Thread 3 ] DEBUG Engine               - globalSoundVolumeProperty: DoubleProperty [value: 0.1]
23:17:16.188 [FXGL Background Thread 3 ] DEBUG Engine               - height: 600
23:17:16.188 [FXGL Background Thread 3 ] DEBUG Engine               - isAndroid: false
23:17:16.188 [FXGL Background Thread 3 ] DEBUG Engine               - isBrowser: false
23:17:16.188 [FXGL Background Thread 3 ] DEBUG Engine               - isClickFeedbackEnabled: false
23:17:16.188 [FXGL Background Thread 3 ] DEBUG Engine               - isCloseConfirmation: false
23:17:16.188 [FXGL Background Thread 3 ] DEBUG Engine               - isDesktop: true
23:17:16.188 [FXGL Background Thread 3 ] DEBUG Engine               - isDeveloperMenuEnabled: true
23:17:16.189 [FXGL Background Thread 3 ] DEBUG Engine               - isEntityPreloadEnabled: true
23:17:16.189 [FXGL Background Thread 3 ] DEBUG Engine               - isExperimental3D: false
23:17:16.189 [FXGL Background Thread 3 ] DEBUG Engine               - isExperimentalNative: false
23:17:16.189 [FXGL Background Thread 3 ] DEBUG Engine               - isExperimentalTiledLargeMap: false
23:17:16.189 [FXGL Background Thread 3 ] DEBUG Engine               - isFileSystemWriteAllowed: true
23:17:16.189 [FXGL Background Thread 3 ] DEBUG Engine               - isFullScreenAllowed: false
23:17:16.189 [FXGL Background Thread 3 ] DEBUG Engine               - isFullScreenFromStart: false
23:17:16.189 [FXGL Background Thread 3 ] DEBUG Engine               - isGameMenuEnabled: true
23:17:16.189 [FXGL Background Thread 3 ] DEBUG Engine               - isIOS: false
23:17:16.189 [FXGL Background Thread 3 ] DEBUG Engine               - isIntroEnabled: false
23:17:16.189 [FXGL Background Thread 3 ] DEBUG Engine               - isLinux: false
23:17:16.189 [FXGL Background Thread 3 ] DEBUG Engine               - isMac: false
23:17:16.189 [FXGL Background Thread 3 ] DEBUG Engine               - isMainMenuEnabled: true
23:17:16.189 [FXGL Background Thread 3 ] DEBUG Engine               - isManualResizeEnabled: false
23:17:16.189 [FXGL Background Thread 3 ] DEBUG Engine               - isMobile: false
23:17:16.189 [FXGL Background Thread 3 ] DEBUG Engine               - isPreserveResizeRatio: false
23:17:16.190 [FXGL Background Thread 3 ] DEBUG Engine               - isProfilingEnabled: false
23:17:16.190 [FXGL Background Thread 3 ] DEBUG Engine               - isScaleAffectedOnResize: true
23:17:16.190 [FXGL Background Thread 3 ] DEBUG Engine               - isSingleStep: false
23:17:16.190 [FXGL Background Thread 3 ] DEBUG Engine               - isUserProfileEnabled: false
23:17:16.190 [FXGL Background Thread 3 ] DEBUG Engine               - isWindows: true
23:17:16.190 [FXGL Background Thread 3 ] DEBUG Engine               - language: ObjectProperty [value: ENGLISH]
23:17:16.190 [FXGL Background Thread 3 ] DEBUG Engine               - menuKey: ESCAPE
23:17:16.190 [FXGL Background Thread 3 ] DEBUG Engine               - notificationViewClass: class com.almasb.fxgl.notification.view.XboxNotificationView
23:17:16.190 [FXGL Background Thread 3 ] DEBUG Engine               - pixelsPerMeter: 50.0
23:17:16.190 [FXGL Background Thread 3 ] DEBUG Engine               - platform: WINDOWS
23:17:16.190 [FXGL Background Thread 3 ] DEBUG Engine               - prefHeightProperty: ReadOnlyDoubleProperty [value: 600.0]
23:17:16.190 [FXGL Background Thread 3 ] DEBUG Engine               - prefWidthProperty: ReadOnlyDoubleProperty [value: 1000.0]
23:17:16.190 [FXGL Background Thread 3 ] DEBUG Engine               - profileDir: profiles/
23:17:16.190 [FXGL Background Thread 3 ] DEBUG Engine               - profileName: StringProperty [value: DEFAULT]
23:17:16.190 [FXGL Background Thread 3 ] DEBUG Engine               - randomSeed: -1
23:17:16.190 [FXGL Background Thread 3 ] DEBUG Engine               - runtimeInfo: RuntimeInfo(platform=WINDOWS, version=dev-SNAPSHOT, build=20.03.2021 10.32)
23:17:16.190 [FXGL Background Thread 3 ] DEBUG Engine               - saveFileExt: sav
23:17:16.192 [FXGL Background Thread 3 ] DEBUG Engine               - scaledHeightProp$fxgl: DoubleProperty [bound, value: 600.0]
23:17:16.192 [FXGL Background Thread 3 ] DEBUG Engine               - scaledWidthProp$fxgl: DoubleProperty [bound, value: 1000.0]
23:17:16.192 [FXGL Background Thread 3 ] DEBUG Engine               - sceneFactory: Game$1@7060dc2a
23:17:16.192 [FXGL Background Thread 3 ] DEBUG Engine               - secondsIn24h: 60
23:17:16.192 [FXGL Background Thread 3 ] DEBUG Engine               - soundMenuBack: menu/back.wav
23:17:16.192 [FXGL Background Thread 3 ] DEBUG Engine               - soundMenuPress: menu/press.wav
23:17:16.192 [FXGL Background Thread 3 ] DEBUG Engine               - soundMenuSelect: menu/select.wav
23:17:16.192 [FXGL Background Thread 3 ] DEBUG Engine               - soundNotification: core/notification.wav
23:17:16.192 [FXGL Background Thread 3 ] DEBUG Engine               - stageStyle: DECORATED
23:17:16.192 [FXGL Background Thread 3 ] DEBUG Engine               - supportedLanguages: [ENGLISH, FRENCH, GERMAN, HUNGARIAN, RUSSIAN]
23:17:16.192 [FXGL Background Thread 3 ] DEBUG Engine               - ticksPerSecond: -1
23:17:16.192 [FXGL Background Thread 3 ] DEBUG Engine               - title: test
23:17:16.192 [FXGL Background Thread 3 ] DEBUG Engine               - urlGithub: https://github.com/AlmasB/FXGL
23:17:16.192 [FXGL Background Thread 3 ] DEBUG Engine               - urlLeaderboard: http://fxgl-top.herokuapp.com/
23:17:16.192 [FXGL Background Thread 3 ] DEBUG Engine               - urlPOM: https://raw.githubusercontent.com/AlmasB/FXGL/release/README.md
23:17:16.192 [FXGL Background Thread 3 ] DEBUG Engine               - userAppClass: class Game
23:17:16.192 [FXGL Background Thread 3 ] DEBUG Engine               - version: 1.0
23:17:16.192 [FXGL Background Thread 3 ] DEBUG Engine               - versionCheckDays: 7
23:17:16.192 [FXGL Background Thread 3 ] DEBUG Engine               - width: 1000
23:17:16.193 [FXGL Background Thread 3 ] DEBUG Engine               - Logging services
23:17:16.193 [FXGL Background Thread 3 ] DEBUG Engine               - class com.almasb.fxgl.app.services.FXGLAssetLoaderService
23:17:16.193 [FXGL Background Thread 3 ] DEBUG Engine               - class com.almasb.fxgl.app.FXGLApplication$GameApplicationService
23:17:16.193 [FXGL Background Thread 3 ] DEBUG Engine               - class com.almasb.fxgl.app.services.FXGLDialogService
23:17:16.193 [FXGL Background Thread 3 ] DEBUG Engine               - class com.almasb.fxgl.app.services.IOTaskExecutorService
23:17:16.193 [FXGL Background Thread 3 ] DEBUG Engine               - class com.almasb.fxgl.event.EventBusService
23:17:16.193 [FXGL Background Thread 3 ] DEBUG Engine               - class com.almasb.fxgl.io.FileSystemService
23:17:16.193 [FXGL Background Thread 3 ] DEBUG Engine               - class com.almasb.fxgl.localization.LocalizationService
23:17:16.193 [FXGL Background Thread 3 ] DEBUG Engine               - class com.almasb.fxgl.app.services.SystemBundleService
23:17:16.193 [FXGL Background Thread 3 ] DEBUG Engine               - class com.almasb.fxgl.profile.SaveLoadService
23:17:16.193 [FXGL Background Thread 3 ] DEBUG Engine               - class com.almasb.fxgl.ui.FXGLUIFactoryServiceProvider
23:17:16.193 [FXGL Background Thread 3 ] DEBUG Engine               - class com.almasb.fxgl.ui.FXGLDialogFactoryServiceProvider
23:17:16.193 [FXGL Background Thread 3 ] DEBUG Engine               - class com.almasb.fxgl.audio.AudioPlayer
23:17:16.193 [FXGL Background Thread 3 ] DEBUG Engine               - class com.almasb.fxgl.notification.impl.NotificationServiceProvider
23:17:16.193 [FXGL Background Thread 3 ] DEBUG Engine               - class com.almasb.fxgl.achievement.AchievementService
23:17:16.193 [FXGL Background Thread 3 ] DEBUG Engine               - class com.almasb.fxgl.cutscene.CutsceneService
23:17:16.193 [FXGL Background Thread 3 ] DEBUG Engine               - class com.almasb.fxgl.minigames.MiniGameService
23:17:16.193 [FXGL Background Thread 3 ] DEBUG Engine               - class com.almasb.fxgl.net.NetService
23:17:16.193 [FXGL Background Thread 3 ] DEBUG Engine               - class com.almasb.fxgl.app.services.UpdaterService
23:17:16.193 [FXGL Background Thread 3 ] DEBUG Engine               - class com.almasb.fxgl.dev.DevService
23:17:35.090 [JavaFX Application Thread] DEBUG Menu                 - fireNewGame()
23:17:35.091 [JavaFX Application Thread] DEBUG GameApplicationServi - Starting new game
23:17:35.091 [JavaFX Application Thread] DEBUG PrimaryStageWindow   - Pop state: MainMenu
23:17:35.091 [JavaFX Application Thread] DEBUG Input                - Clearing active input actions
23:17:35.092 [JavaFX Application Thread] DEBUG GameApplicationServi - Removing overlay from MainMenu and adding to FXGLMainMenuDummyScene
23:17:35.092 [JavaFX Application Thread] DEBUG PrimaryStageWindow   - FXGLMainMenuDummyScene <- MainMenu
23:17:35.092 [JavaFX Application Thread] DEBUG Input                - Clearing active input actions
23:17:35.096 [JavaFX Application Thread] DEBUG GameApplicationServi - Removing overlay from FXGLMainMenuDummyScene and adding to FXGLLoadingScene
23:17:35.096 [JavaFX Application Thread] DEBUG PrimaryStageWindow   - FXGLMainMenuDummyScene -> FXGLLoadingScene
23:17:35.096 [JavaFX Application Thread] DEBUG GameApplicationServi - Clearing previous game
23:17:35.096 [JavaFX Application Thread] DEBUG GameScene            - Clearing game scene
23:17:35.096 [JavaFX Application Thread] DEBUG GameWorld            - Clearing game world
23:17:35.096 [JavaFX Application Thread] DEBUG PhysicsWorld         - Clearing physics world
23:17:35.097 [FXGL Background Thread 2 ] DEBUG FXGLApplication      - Initializing game
23:17:35.098 [FXGL Background Thread 2 ] DEBUG FXGLAssetLoaderServi - Loading from file system: file:/C:/Users/anmay/IdeaProjects/Canvas%20Fleet%20Project/target/classes/assets/music/bgm.mp3
23:17:35.180 [FXGL Background Thread 2 ] DEBUG AudioPlayer          - Playing music com.almasb.fxgl.audio.Music@38e0607
23:17:35.186 [FXGL Background Thread 2 ] DEBUG FXGLAssetLoaderServi - Loading from file system: file:/C:/Users/anmay/IdeaProjects/Canvas%20Fleet%20Project/target/classes/assets/textures/Gunboat.png
23:17:35.194 [FXGL Background Thread 2 ] DEBUG FXGLAssetLoaderServi - Loading from file system: file:/C:/Users/anmay/IdeaProjects/Canvas%20Fleet%20Project/target/classes/assets/textures/Turret.png
23:17:35.197 [FXGL Background Thread 2 ] WARN  GameWorld            - Entity is already attached to world
23:17:35.199 [FXGL Background Thread 2 ] WARN  GameWorld            - Entity is already attached to world
23:17:35.199 [FXGL Background Thread 2 ] DEBUG FXGLAssetLoaderServi - Loading from file system: file:/C:/Users/anmay/IdeaProjects/Canvas%20Fleet%20Project/target/classes/assets/textures/Destroyer.png
23:17:35.201 [FXGL Background Thread 2 ] WARN  GameWorld            - Entity is already attached to world
23:17:35.203 [FXGL Background Thread 2 ] WARN  GameWorld            - Entity is already attached to world
23:17:35.203 [FXGL Background Thread 2 ] WARN  GameWorld            - Entity is already attached to world
23:17:35.204 [FXGL Background Thread 2 ] WARN  GameWorld            - Entity is already attached to world
23:17:35.205 [FXGL Background Thread 2 ] WARN  GameWorld            - Entity is already attached to world
23:17:35.206 [FXGL Background Thread 2 ] WARN  GameWorld            - Entity is already attached to world
23:17:35.207 [FXGL Background Thread 2 ] WARN  GameWorld            - Entity is already attached to world
23:17:35.208 [FXGL Background Thread 2 ] WARN  GameWorld            - Entity is already attached to world
23:17:35.208 [FXGL Background Thread 2 ] WARN  GameWorld            - Entity is already attached to world
23:17:35.209 [FXGL Background Thread 2 ] WARN  GameWorld            - Entity is already attached to world
23:17:35.210 [FXGL Background Thread 2 ] WARN  GameWorld            - Entity is already attached to world
23:17:35.212 [FXGL Background Thread 2 ] WARN  GameWorld            - Entity is already attached to world
23:17:35.213 [FXGL Background Thread 2 ] DEBUG FXGLAssetLoaderServi - Loading from file system: file:/C:/Users/anmay/IdeaProjects/Canvas%20Fleet%20Project/target/classes/assets/textures/Carrier.png
23:17:35.216 [FXGL Background Thread 2 ] WARN  GameWorld            - Entity is already attached to world
23:17:35.217 [FXGL Background Thread 2 ] WARN  GameWorld            - Entity is already attached to world
23:17:35.218 [FXGL Background Thread 2 ] WARN  GameWorld            - Entity is already attached to world
23:17:35.220 [FXGL Background Thread 2 ] WARN  GameWorld            - Entity is already attached to world
23:17:35.220 [FXGL Background Thread 2 ] WARN  GameWorld            - Entity is already attached to world
23:17:35.221 [FXGL Background Thread 2 ] WARN  GameWorld            - Entity is already attached to world
23:17:35.222 [FXGL Background Thread 2 ] WARN  GameWorld            - Entity is already attached to world
23:17:35.222 [FXGL Background Thread 2 ] WARN  GameWorld            - Entity is already attached to world
23:17:35.224 [FXGL Background Thread 2 ] INFO  FXGLApplication      - Game initialization took: 0.127 sec
23:17:35.238 [JavaFX Application Thread] DEBUG Input                - Clearing active input actions
23:17:35.242 [JavaFX Application Thread] DEBUG GameApplicationServi - Removing overlay from FXGLLoadingScene and adding to GameScene
23:17:35.243 [JavaFX Application Thread] DEBUG PrimaryStageWindow   - FXGLLoadingScene -> GameScene
23:17:57.949 [JavaFX Application Thread] DEBUG FXGLAssetLoaderServi - Loading from file system: file:/C:/Users/anmay/IdeaProjects/Canvas%20Fleet%20Project/target/classes/assets/sounds/cannon.wav
23:17:57.956 [JavaFX Application Thread] DEBUG FXGLAssetLoaderServi - Loading from file system: file:/C:/Users/anmay/IdeaProjects/Canvas%20Fleet%20Project/target/classes/assets/textures/Bullet.png
23:18:03.127 [JavaFX Application Thread] DEBUG FXGLApplication      - Exiting FXGL
23:18:03.127 [JavaFX Application Thread] DEBUG LoopRunner           - Stopping loop
23:18:03.127 [JavaFX Application Thread] DEBUG SystemBundleService  - Saving FXGL system data
23:18:03.128 [JavaFX Application Thread] DEBUG FileSystemAccess     - Writing to: C:\Users\anmay\IdeaProjects\Canvas Fleet Project\system\fxgl.bundle
23:18:03.129 [JavaFX Application Thread] DEBUG Async                - Shutting down background threads
23:18:03.129 [JavaFX Application Thread] DEBUG PrimaryStageWindow   - Closing main window
23:18:03.137 [JavaFX Application Thread] DEBUG Logger               - Closing Logger
